2025-11-24 13:15:46.422 [info] Reading sessions from keychain...
2025-11-24 13:15:46.422 [info] Getting sessions for all scopes...
2025-11-24 13:15:46.422 [info] Got 0 sessions for ...
2025-11-24 13:15:46.422 [info] Getting sessions for all scopes...
2025-11-24 13:15:46.422 [info] Got 0 sessions for ...
2025-11-24 13:15:46.422 [info] Getting sessions for all scopes...
2025-11-24 13:15:46.422 [info] Got 0 sessions for ...
2025-11-24 13:15:46.422 [info] Getting sessions for all scopes...
2025-11-24 13:15:46.422 [info] Got 0 sessions for ...
2025-11-24 13:15:46.422 [info] Getting sessions for all scopes...
2025-11-24 13:15:46.422 [info] Got 0 sessions for ...
2025-11-24 13:15:46.422 [info] Getting sessions for all scopes...
2025-11-24 13:15:46.422 [info] Got 0 sessions for ...
2025-11-24 13:15:46.422 [info] Getting sessions for all scopes...
2025-11-24 13:15:46.422 [info] Got 0 sessions for ...
2025-11-24 13:15:46.422 [info] Getting sessions for all scopes...
2025-11-24 13:15:46.422 [info] Got 0 sessions for ...
2025-11-24 13:15:46.422 [info] Getting sessions for all scopes...
2025-11-24 13:15:46.422 [info] Got 0 sessions for ...
2025-11-24 13:15:46.528 [info] Getting sessions for all scopes...
2025-11-24 13:15:46.528 [info] Got 0 sessions for ...
2025-11-24 13:15:46.596 [info] Getting sessions for all scopes...
2025-11-24 13:15:46.596 [info] Got 0 sessions for ...
2025-11-24 13:15:46.596 [info] Getting sessions for all scopes...
2025-11-24 13:15:46.596 [info] Got 0 sessions for ...
2025-11-24 13:15:46.596 [info] Getting sessions for all scopes...
2025-11-24 13:15:46.596 [info] Got 0 sessions for ...
2025-11-24 13:15:46.596 [info] Getting sessions for all scopes...
2025-11-24 13:15:46.596 [info] Got 0 sessions for ...
2025-11-24 13:15:46.596 [info] Getting sessions for all scopes...
2025-11-24 13:15:46.596 [info] Got 0 sessions for ...
2025-11-24 13:15:46.892 [info] Getting sessions for read:user,repo,user:email,workflow...
2025-11-24 13:15:46.892 [info] Got 0 sessions for read:user,repo,user:email,workflow...
2025-11-24 13:15:48.312 [info] Getting sessions for all scopes...
2025-11-24 13:15:48.312 [info] Got 0 sessions for ...
2025-11-24 13:15:57.992 [info] Getting sessions for read:user,repo,user:email,workflow...
2025-11-24 13:15:57.992 [info] Got 0 sessions for read:user,repo,user:email,workflow...
