2025-11-24 13:27:19.328 [info] Reading sessions from keychain...
2025-11-24 13:27:19.328 [info] Getting sessions for all scopes...
2025-11-24 13:27:19.328 [info] Got 0 sessions for ...
2025-11-24 13:27:19.328 [info] Getting sessions for all scopes...
2025-11-24 13:27:19.328 [info] Got 0 sessions for ...
2025-11-24 13:27:19.328 [info] Getting sessions for all scopes...
2025-11-24 13:27:19.328 [info] Got 0 sessions for ...
2025-11-24 13:27:19.328 [info] Getting sessions for all scopes...
2025-11-24 13:27:19.328 [info] Got 0 sessions for ...
2025-11-24 13:27:19.328 [info] Getting sessions for all scopes...
2025-11-24 13:27:19.328 [info] Got 0 sessions for ...
2025-11-24 13:27:19.328 [info] Getting sessions for all scopes...
2025-11-24 13:27:19.328 [info] Got 0 sessions for ...
2025-11-24 13:27:19.328 [info] Getting sessions for all scopes...
2025-11-24 13:27:19.328 [info] Got 0 sessions for ...
2025-11-24 13:27:19.328 [info] Getting sessions for all scopes...
2025-11-24 13:27:19.328 [info] Got 0 sessions for ...
2025-11-24 13:27:19.328 [info] Getting sessions for all scopes...
2025-11-24 13:27:19.328 [info] Got 0 sessions for ...
2025-11-24 13:27:19.416 [info] Getting sessions for all scopes...
2025-11-24 13:27:19.417 [info] Got 0 sessions for ...
2025-11-24 13:27:19.459 [info] Getting sessions for all scopes...
2025-11-24 13:27:19.459 [info] Got 0 sessions for ...
2025-11-24 13:27:19.459 [info] Getting sessions for all scopes...
2025-11-24 13:27:19.459 [info] Got 0 sessions for ...
2025-11-24 13:27:19.459 [info] Getting sessions for all scopes...
2025-11-24 13:27:19.459 [info] Got 0 sessions for ...
2025-11-24 13:27:19.459 [info] Getting sessions for all scopes...
2025-11-24 13:27:19.459 [info] Got 0 sessions for ...
2025-11-24 13:27:19.459 [info] Getting sessions for all scopes...
2025-11-24 13:27:19.459 [info] Got 0 sessions for ...
2025-11-24 13:27:21.122 [info] Getting sessions for all scopes...
2025-11-24 13:27:21.122 [info] Got 0 sessions for ...
2025-11-24 13:27:22.321 [info] Getting sessions for read:user,repo,user:email,workflow...
2025-11-24 13:27:22.321 [info] Got 0 sessions for read:user,repo,user:email,workflow...
2025-11-24 13:27:26.837 [info] Getting sessions for read:user,repo,user:email,workflow...
2025-11-24 13:27:26.837 [info] Got 0 sessions for read:user,repo,user:email,workflow...
2025-11-24 13:38:25.491 [info] Getting sessions for read:user,repo,user:email,workflow...
2025-11-24 13:38:25.491 [info] Got 0 sessions for read:user,repo,user:email,workflow...
2025-11-24 13:38:27.345 [info] Logging in with 'any' account...
2025-11-24 13:38:27.345 [info] Logging in for the following scopes: read:user repo user:email workflow
2025-11-24 13:38:27.519 [info] Trying device code flow... (read:user repo user:email workflow)
2025-11-24 13:38:30.812 [error] User Cancelled
