2025-11-24 08:02:06.042 [info] Reading sessions from keychain...
2025-11-24 08:02:06.042 [info] Getting sessions for all scopes...
2025-11-24 08:02:06.042 [info] Got 0 sessions for ...
2025-11-24 08:02:06.042 [info] Getting sessions for all scopes...
2025-11-24 08:02:06.042 [info] Got 0 sessions for ...
2025-11-24 08:02:06.042 [info] Getting sessions for all scopes...
2025-11-24 08:02:06.042 [info] Got 0 sessions for ...
2025-11-24 08:02:06.042 [info] Getting sessions for all scopes...
2025-11-24 08:02:06.042 [info] Got 0 sessions for ...
2025-11-24 08:02:06.042 [info] Getting sessions for all scopes...
2025-11-24 08:02:06.042 [info] Got 0 sessions for ...
2025-11-24 08:02:06.042 [info] Getting sessions for all scopes...
2025-11-24 08:02:06.042 [info] Got 0 sessions for ...
2025-11-24 08:02:06.042 [info] Getting sessions for all scopes...
2025-11-24 08:02:06.042 [info] Got 0 sessions for ...
2025-11-24 08:02:06.042 [info] Getting sessions for all scopes...
2025-11-24 08:02:06.042 [info] Got 0 sessions for ...
2025-11-24 08:02:06.042 [info] Getting sessions for all scopes...
2025-11-24 08:02:06.042 [info] Got 0 sessions for ...
2025-11-24 08:02:06.047 [info] Getting sessions for all scopes...
2025-11-24 08:02:06.047 [info] Got 0 sessions for ...
2025-11-24 08:02:06.087 [info] Getting sessions for all scopes...
2025-11-24 08:02:06.087 [info] Got 0 sessions for ...
2025-11-24 08:02:06.088 [info] Getting sessions for all scopes...
2025-11-24 08:02:06.088 [info] Got 0 sessions for ...
2025-11-24 08:02:06.088 [info] Getting sessions for all scopes...
2025-11-24 08:02:06.088 [info] Got 0 sessions for ...
2025-11-24 08:02:06.089 [info] Getting sessions for all scopes...
2025-11-24 08:02:06.089 [info] Got 0 sessions for ...
2025-11-24 08:02:06.089 [info] Getting sessions for all scopes...
2025-11-24 08:02:06.089 [info] Got 0 sessions for ...
2025-11-24 08:02:06.374 [info] Getting sessions for read:user,repo,user:email,workflow...
2025-11-24 08:02:06.374 [info] Got 0 sessions for read:user,repo,user:email,workflow...
2025-11-24 08:02:08.071 [info] Getting sessions for all scopes...
2025-11-24 08:02:08.071 [info] Got 0 sessions for ...
2025-11-24 08:05:27.750 [info] Getting sessions for read:user,repo,user:email,workflow...
2025-11-24 08:05:27.750 [info] Got 0 sessions for read:user,repo,user:email,workflow...
