Initializing document watcher...
Document watcher initialized
workspaces/benny/vscode/vscode-server/docker-compose.yml: {"tabSize":2,"indentSize":2,"insertSpaces":true,"cursorStyle":1,"lineNumbers":1}
workspaces/docker/code-server/docker-compose.yml: {"tabSize":2,"indentSize":2,"insertSpaces":true,"cursorStyle":1,"lineNumbers":1}
workspaces/benny/vscode/vscode-server/docker-compose.yml: {"tabSize":2,"indentSize":2,"insertSpaces":true,"cursorStyle":1,"lineNumbers":1}
workspaces/docker/code-server/Dockerfile: {"tabSize":4,"indentSize":4,"insertSpaces":true,"cursorStyle":1,"lineNumbers":1}
workspaces/benny/vscode/vscode-server/docker-compose.yml: {"tabSize":2,"indentSize":2,"insertSpaces":true,"cursorStyle":1,"lineNumbers":1}
workspaces/benny/vscode/vscode-server/docker/vscode.Dockerfile: {"tabSize":4,"indentSize":4,"insertSpaces":true,"cursorStyle":1,"lineNumbers":1}
workspaces/benny/vscode/vscode-server/docker-compose.yml: {"tabSize":2,"indentSize":2,"insertSpaces":true,"cursorStyle":1,"lineNumbers":1}
workspaces/docker/code-server/docker-compose.yml: {"tabSize":2,"indentSize":2,"insertSpaces":true,"cursorStyle":1,"lineNumbers":1}
workspaces/docker/code-server/docker-compose.yml: {"tabSize":2,"indentSize":2,"insertSpaces":true,"cursorStyle":1,"lineNumbers":1}
No more open editors.
workspaces/docker/code-server/Dockerfile: {"tabSize":4,"indentSize":4,"insertSpaces":true,"cursorStyle":1,"lineNumbers":1}
workspaces/docker/code-server/Dockerfile copy: {"tabSize":4,"indentSize":4,"insertSpaces":true,"cursorStyle":1,"lineNumbers":1}
workspaces/docker/code-server/Dockerfile copy: {"tabSize":4,"indentSize":4,"insertSpaces":true,"cursorStyle":1,"lineNumbers":1}
workspaces/docker/code-server/docker-compose.yml: {"tabSize":2,"indentSize":2,"insertSpaces":true,"cursorStyle":1,"lineNumbers":1}
workspaces/benny/vscode/vscode-server/docker-compose.yml: {"tabSize":2,"indentSize":2,"insertSpaces":true,"cursorStyle":1,"lineNumbers":1}
workspaces/benny/vscode/vscode-server/docker/vscode.Dockerfile: {"tabSize":4,"indentSize":4,"insertSpaces":true,"cursorStyle":1,"lineNumbers":1}
workspaces/benny/vscode/vscode-server/docker/vscode.Dockerfile: {"tabSize":4,"indentSize":4,"insertSpaces":true,"cursorStyle":1,"lineNumbers":1}
workspaces/benny/vscode/vscode-server/docker/vscode.Dockerfile: {"tabSize":4,"indentSize":4,"insertSpaces":true,"cursorStyle":1,"lineNumbers":1}
workspaces/benny/vscode/vscode-server/docker-compose.yml: {"tabSize":2,"indentSize":2,"insertSpaces":true,"cursorStyle":1,"lineNumbers":1}
workspaces/benny/vscode/vscode-server/docker-compose.yml: {}
workspaces/benny/.wget-hsts: {"tabSize":4,"indentSize":4,"insertSpaces":true,"cursorStyle":1,"lineNumbers":1}
workspaces/benny/vscode/vscode-server/docker-compose.yml: {"tabSize":2,"indentSize":2,"insertSpaces":true,"cursorStyle":1,"lineNumbers":1}
workspaces/benny/vscode/vscode-server/docker-compose.yml: {"tabSize":2,"indentSize":2,"insertSpaces":true,"cursorStyle":1,"lineNumbers":1}
workspaces/benny/vscode/vscode-server/docker-compose.yml: {"tabSize":2,"indentSize":2,"insertSpaces":true,"cursorStyle":1,"lineNumbers":1}
