2025-11-24 13:18:10.685 [info] Reading sessions from keychain...
2025-11-24 13:18:10.685 [info] Getting sessions for all scopes...
2025-11-24 13:18:10.685 [info] Got 0 sessions for ...
2025-11-24 13:18:10.685 [info] Getting sessions for all scopes...
2025-11-24 13:18:10.685 [info] Got 0 sessions for ...
2025-11-24 13:18:10.685 [info] Getting sessions for all scopes...
2025-11-24 13:18:10.685 [info] Got 0 sessions for ...
2025-11-24 13:18:10.685 [info] Getting sessions for all scopes...
2025-11-24 13:18:10.685 [info] Got 0 sessions for ...
2025-11-24 13:18:10.685 [info] Getting sessions for all scopes...
2025-11-24 13:18:10.685 [info] Got 0 sessions for ...
2025-11-24 13:18:10.685 [info] Getting sessions for all scopes...
2025-11-24 13:18:10.685 [info] Got 0 sessions for ...
2025-11-24 13:18:10.685 [info] Getting sessions for all scopes...
2025-11-24 13:18:10.685 [info] Got 0 sessions for ...
2025-11-24 13:18:10.685 [info] Getting sessions for all scopes...
2025-11-24 13:18:10.685 [info] Got 0 sessions for ...
2025-11-24 13:18:10.685 [info] Getting sessions for all scopes...
2025-11-24 13:18:10.685 [info] Got 0 sessions for ...
2025-11-24 13:18:10.784 [info] Getting sessions for all scopes...
2025-11-24 13:18:10.785 [info] Got 0 sessions for ...
2025-11-24 13:18:10.835 [info] Getting sessions for all scopes...
2025-11-24 13:18:10.835 [info] Got 0 sessions for ...
2025-11-24 13:18:10.835 [info] Getting sessions for all scopes...
2025-11-24 13:18:10.835 [info] Got 0 sessions for ...
2025-11-24 13:18:10.835 [info] Getting sessions for all scopes...
2025-11-24 13:18:10.835 [info] Got 0 sessions for ...
2025-11-24 13:18:10.835 [info] Getting sessions for all scopes...
2025-11-24 13:18:10.835 [info] Got 0 sessions for ...
2025-11-24 13:18:10.835 [info] Getting sessions for all scopes...
2025-11-24 13:18:10.835 [info] Got 0 sessions for ...
2025-11-24 13:18:11.147 [info] Getting sessions for read:user,repo,user:email,workflow...
2025-11-24 13:18:11.147 [info] Got 0 sessions for read:user,repo,user:email,workflow...
2025-11-24 13:18:12.394 [info] Getting sessions for all scopes...
2025-11-24 13:18:12.394 [info] Got 0 sessions for ...
2025-11-24 13:18:27.607 [info] Getting sessions for read:user,repo,user:email,workflow...
2025-11-24 13:18:27.607 [info] Got 0 sessions for read:user,repo,user:email,workflow...
2025-11-24 21:55:30.771 [info] Getting sessions for read:user,repo,user:email,workflow...
2025-11-24 21:55:30.771 [info] Got 0 sessions for read:user,repo,user:email,workflow...
2025-11-24 22:04:08.204 [info] Getting sessions for read:user,repo,user:email,workflow...
2025-11-24 22:04:08.204 [info] Got 0 sessions for read:user,repo,user:email,workflow...
2025-11-24 22:04:40.685 [info] Getting sessions for read:user,repo,user:email,workflow...
2025-11-24 22:04:40.685 [info] Got 0 sessions for read:user,repo,user:email,workflow...
