2025-11-24 08:01:29.186 [info] [main] Log level: Info
2025-11-24 08:01:29.186 [info] [main] Validating found git in: "git"
2025-11-24 08:01:29.186 [info] [main] Using git "2.45.4" from "git"
2025-11-24 08:01:29.186 [info] [Model][doInitialScan] Initial repository scan started
2025-11-24 08:01:29.187 [info] > git rev-parse --show-toplevel [9ms]
2025-11-24 08:01:29.187 [info] fatal: not a git repository (or any of the parent directories): .git
2025-11-24 08:01:29.187 [info] > git rev-parse --show-toplevel [1ms]
2025-11-24 08:01:29.187 [info] fatal: not a git repository (or any parent up to mount point /workspaces)
Stopping at filesystem boundary (GIT_DISCOVERY_ACROSS_FILESYSTEM not set).
2025-11-24 08:01:29.187 [info] > git rev-parse --show-toplevel [16ms]
2025-11-24 08:01:29.187 [info] fatal: not a git repository (or any parent up to mount point /workspaces)
Stopping at filesystem boundary (GIT_DISCOVERY_ACROSS_FILESYSTEM not set).
2025-11-24 08:01:29.191 [info] > git rev-parse --show-toplevel [6ms]
2025-11-24 08:01:29.205 [info] > git rev-parse --git-dir --git-common-dir --show-superproject-working-tree [10ms]
2025-11-24 08:01:29.220 [info] [Model][openRepository] Opened repository (path): /workspaces/lb
2025-11-24 08:01:29.220 [info] [Model][openRepository] Opened repository (real path): /workspaces/lb
2025-11-24 08:01:29.220 [info] [Model][openRepository] Opened repository (kind): repository
2025-11-24 08:01:29.226 [info] [Model][doInitialScan] Initial repository scan completed - repositories (1), closed repositories (0), parent repositories (0), unsafe repositories (0)
2025-11-24 08:01:29.230 [info] > git config --get commit.template [1ms]
2025-11-24 08:01:29.330 [info] > git for-each-ref --format=%(refname)%00%(upstream:short)%00%(objectname)%00%(upstream:track)%00%(upstream:remotename)%00%(upstream:remoteref) refs/heads/main refs/remotes/main [99ms]
2025-11-24 08:01:29.337 [info] > git status -z -uall [4ms]
2025-11-24 08:01:29.358 [info] > git for-each-ref --sort -committerdate --format %(refname)%00%(objectname)%00%(*objectname) [22ms]
2025-11-24 08:01:29.378 [info] > git for-each-ref --format=%(refname)%00%(upstream:short)%00%(objectname)%00%(upstream:track)%00%(upstream:remotename)%00%(upstream:remoteref) refs/heads/main refs/remotes/main [4ms]
2025-11-24 08:01:29.380 [info] > git config --get commit.template [3ms]
2025-11-24 08:01:29.381 [info] > git config --get --local branch.main.vscode-merge-base [1ms]
2025-11-24 08:01:29.383 [info] > git for-each-ref --format=%(refname)%00%(upstream:short)%00%(objectname)%00%(upstream:track)%00%(upstream:remotename)%00%(upstream:remoteref) refs/heads/origin/main refs/remotes/origin/main [1ms]
2025-11-24 08:01:29.386 [info] > git for-each-ref --format=%(refname)%00%(upstream:short)%00%(objectname)%00%(upstream:track)%00%(upstream:remotename)%00%(upstream:remoteref) refs/heads/main refs/remotes/main [3ms]
2025-11-24 08:01:29.387 [info] > git merge-base refs/heads/main refs/remotes/origin/main [2ms]
2025-11-24 08:01:29.392 [info] > git status -z -uall [1ms]
2025-11-24 08:01:29.392 [info] > git diff --name-status -z --diff-filter=ADMR --find-renames=50% 08b8b9cfb43aa404988442a5e2cf7cc32133fbb6...refs/remotes/origin/main -- [4ms]
2025-11-24 08:01:29.392 [info] > git for-each-ref --sort -committerdate --format %(refname)%00%(objectname)%00%(*objectname) [1ms]
2025-11-24 08:01:31.135 [info] > git rev-parse --show-toplevel [1ms]
2025-11-24 08:01:31.135 [info] fatal: not a git repository (or any of the parent directories): .git
