2025-11-24 08:06:41.531 [info] Reading sessions from keychain...
2025-11-24 08:06:41.531 [info] Getting sessions for all scopes...
2025-11-24 08:06:41.532 [info] Got 0 sessions for ...
2025-11-24 08:06:41.532 [info] Getting sessions for all scopes...
2025-11-24 08:06:41.533 [info] Got 0 sessions for ...
2025-11-24 08:06:41.533 [info] Getting sessions for all scopes...
2025-11-24 08:06:41.534 [info] Got 0 sessions for ...
2025-11-24 08:06:41.534 [info] Getting sessions for all scopes...
2025-11-24 08:06:41.535 [info] Got 0 sessions for ...
2025-11-24 08:06:41.535 [info] Getting sessions for all scopes...
2025-11-24 08:06:41.536 [info] Got 0 sessions for ...
2025-11-24 08:06:41.536 [info] Getting sessions for all scopes...
2025-11-24 08:06:41.537 [info] Got 0 sessions for ...
2025-11-24 08:06:41.537 [info] Getting sessions for all scopes...
2025-11-24 08:06:41.538 [info] Got 0 sessions for ...
2025-11-24 08:06:41.538 [info] Getting sessions for all scopes...
2025-11-24 08:06:41.539 [info] Got 0 sessions for ...
2025-11-24 08:06:41.539 [info] Getting sessions for all scopes...
2025-11-24 08:06:41.540 [info] Got 0 sessions for ...
2025-11-24 08:06:41.547 [info] Getting sessions for all scopes...
2025-11-24 08:06:41.548 [info] Got 0 sessions for ...
2025-11-24 08:06:41.583 [info] Getting sessions for all scopes...
2025-11-24 08:06:41.583 [info] Got 0 sessions for ...
2025-11-24 08:06:41.583 [info] Getting sessions for all scopes...
2025-11-24 08:06:41.583 [info] Got 0 sessions for ...
2025-11-24 08:06:41.583 [info] Getting sessions for all scopes...
2025-11-24 08:06:41.583 [info] Got 0 sessions for ...
2025-11-24 08:06:41.583 [info] Getting sessions for all scopes...
2025-11-24 08:06:41.583 [info] Got 0 sessions for ...
2025-11-24 08:06:41.583 [info] Getting sessions for all scopes...
2025-11-24 08:06:41.583 [info] Got 0 sessions for ...
2025-11-24 08:06:41.864 [info] Getting sessions for read:user,repo,user:email,workflow...
2025-11-24 08:06:41.864 [info] Got 0 sessions for read:user,repo,user:email,workflow...
2025-11-24 08:06:42.868 [info] Getting sessions for all scopes...
2025-11-24 08:06:42.868 [info] Got 0 sessions for ...
