Initializing document watcher...
Document watcher initialized
workspaces/benny/.ssh/id_ed25519_linguametrik: {"tabSize":4,"indentSize":4,"insertSpaces":true,"cursorStyle":1,"lineNumbers":1}
workspaces/benny/.ssh/id_ed25519_linguametrik.pub: {"tabSize":4,"indentSize":4,"insertSpaces":true,"cursorStyle":1,"lineNumbers":1}
workspaces/benny/.ssh/config: {"tabSize":4,"indentSize":4,"insertSpaces":true,"cursorStyle":1,"lineNumbers":1}
workspaces/benny/.ssh/id_ed25519_linguametrik: {"tabSize":4,"indentSize":4,"insertSpaces":true,"cursorStyle":1,"lineNumbers":1}
workspaces/benny/.ssh/config: {"tabSize":4,"indentSize":4,"insertSpaces":true,"cursorStyle":1,"lineNumbers":1}
workspaces/benny/.ssh/id_ed25519_linguametrik: {"tabSize":4,"indentSize":4,"insertSpaces":true,"cursorStyle":1,"lineNumbers":1}
workspaces/benny/.bashrc: {"tabSize":2,"indentSize":2,"insertSpaces":true,"cursorStyle":1,"lineNumbers":1}
workspaces/benny/.bash_profile: {"tabSize":2,"indentSize":2,"insertSpaces":true,"cursorStyle":1,"lineNumbers":1}
workspaces/benny/.bash_history: {"tabSize":2,"indentSize":2,"insertSpaces":true,"cursorStyle":1,"lineNumbers":1}
workspaces/benny/.bash_history: {"tabSize":2,"indentSize":2,"insertSpaces":true,"cursorStyle":1,"lineNumbers":1}
workspaces/benny/.bash_history: {"tabSize":2,"indentSize":2,"insertSpaces":true,"cursorStyle":1,"lineNumbers":1}
workspaces/benny/.bash_history: {"tabSize":2,"indentSize":2,"insertSpaces":true,"cursorStyle":1,"lineNumbers":1}
workspaces/benny/vscode/vscode-server/docker-compose.yml: {"tabSize":2,"indentSize":2,"insertSpaces":true,"cursorStyle":1,"lineNumbers":1}
workspaces/docker/code-server/docker-compose.yml: {"tabSize":2,"indentSize":2,"insertSpaces":true,"cursorStyle":1,"lineNumbers":1}
workspaces/benny/vscode/vscode-server/docker-compose.yml: {"tabSize":2,"indentSize":2,"insertSpaces":true,"cursorStyle":1,"lineNumbers":1}
workspaces/docker/code-server/docker-compose.yml: {"tabSize":2,"indentSize":2,"insertSpaces":true,"cursorStyle":1,"lineNumbers":1}
workspaces/benny/vscode/vscode-server/docker-compose.yml: {"tabSize":2,"indentSize":2,"insertSpaces":true,"cursorStyle":1,"lineNumbers":1}
workspaces/benny/vscode/vscode-server/docker-compose.yml: Using EditorConfig core...
workspaces/benny/vscode/vscode-server/docker-compose.yml: Using EditorConfig core...
workspaces/benny/vscode/vscode-server/docker-compose.yml: Using EditorConfig core...
workspaces/benny/vscode/vscode-server/docker-compose.yml: {"tabSize":2,"indentSize":2,"insertSpaces":true,"cursorStyle":1,"lineNumbers":1}
