2025-11-24 13:06:04.769 [info] Reading sessions from keychain...
2025-11-24 13:06:04.769 [info] Getting sessions for all scopes...
2025-11-24 13:06:04.769 [info] Got 0 sessions for ...
2025-11-24 13:06:04.769 [info] Getting sessions for all scopes...
2025-11-24 13:06:04.769 [info] Got 0 sessions for ...
2025-11-24 13:06:04.769 [info] Getting sessions for all scopes...
2025-11-24 13:06:04.769 [info] Got 0 sessions for ...
2025-11-24 13:06:04.769 [info] Getting sessions for all scopes...
2025-11-24 13:06:04.769 [info] Got 0 sessions for ...
2025-11-24 13:06:04.769 [info] Getting sessions for all scopes...
2025-11-24 13:06:04.769 [info] Got 0 sessions for ...
2025-11-24 13:06:04.769 [info] Getting sessions for all scopes...
2025-11-24 13:06:04.769 [info] Got 0 sessions for ...
2025-11-24 13:06:04.769 [info] Getting sessions for all scopes...
2025-11-24 13:06:04.769 [info] Got 0 sessions for ...
2025-11-24 13:06:04.769 [info] Getting sessions for all scopes...
2025-11-24 13:06:04.769 [info] Got 0 sessions for ...
2025-11-24 13:06:04.769 [info] Getting sessions for all scopes...
2025-11-24 13:06:04.769 [info] Got 0 sessions for ...
2025-11-24 13:06:04.853 [info] Getting sessions for all scopes...
2025-11-24 13:06:04.853 [info] Got 0 sessions for ...
2025-11-24 13:06:04.907 [info] Getting sessions for all scopes...
2025-11-24 13:06:04.907 [info] Got 0 sessions for ...
2025-11-24 13:06:04.907 [info] Getting sessions for all scopes...
2025-11-24 13:06:04.907 [info] Got 0 sessions for ...
2025-11-24 13:06:04.907 [info] Getting sessions for all scopes...
2025-11-24 13:06:04.907 [info] Got 0 sessions for ...
2025-11-24 13:06:04.907 [info] Getting sessions for all scopes...
2025-11-24 13:06:04.907 [info] Got 0 sessions for ...
2025-11-24 13:06:04.907 [info] Getting sessions for all scopes...
2025-11-24 13:06:04.907 [info] Got 0 sessions for ...
2025-11-24 13:06:05.312 [info] Getting sessions for read:user,repo,user:email,workflow...
2025-11-24 13:06:05.312 [info] Got 0 sessions for read:user,repo,user:email,workflow...
2025-11-24 13:06:05.824 [info] Getting sessions for all scopes...
2025-11-24 13:06:05.824 [info] Got 0 sessions for ...
2025-11-24 13:06:47.582 [info] Getting sessions for read:user,repo,user:email,workflow...
2025-11-24 13:06:47.582 [info] Got 0 sessions for read:user,repo,user:email,workflow...
2025-11-24 13:13:41.298 [info] Getting sessions for read:user,repo,user:email,workflow...
2025-11-24 13:13:41.298 [info] Got 0 sessions for read:user,repo,user:email,workflow...
