2025-11-24 07:55:39.186 [info] Reading sessions from keychain...
2025-11-24 07:55:39.186 [info] Getting sessions for all scopes...
2025-11-24 07:55:39.186 [info] Got 0 sessions for ...
2025-11-24 07:55:39.186 [info] Getting sessions for all scopes...
2025-11-24 07:55:39.186 [info] Got 0 sessions for ...
2025-11-24 07:55:39.186 [info] Getting sessions for all scopes...
2025-11-24 07:55:39.186 [info] Got 0 sessions for ...
2025-11-24 07:55:39.186 [info] Getting sessions for all scopes...
2025-11-24 07:55:39.186 [info] Got 0 sessions for ...
2025-11-24 07:55:39.186 [info] Getting sessions for all scopes...
2025-11-24 07:55:39.186 [info] Got 0 sessions for ...
2025-11-24 07:55:39.186 [info] Getting sessions for all scopes...
2025-11-24 07:55:39.186 [info] Got 0 sessions for ...
2025-11-24 07:55:39.186 [info] Getting sessions for all scopes...
2025-11-24 07:55:39.186 [info] Got 0 sessions for ...
2025-11-24 07:55:39.186 [info] Getting sessions for all scopes...
2025-11-24 07:55:39.186 [info] Got 0 sessions for ...
2025-11-24 07:55:39.186 [info] Getting sessions for all scopes...
2025-11-24 07:55:39.186 [info] Got 0 sessions for ...
2025-11-24 07:55:39.190 [info] Getting sessions for all scopes...
2025-11-24 07:55:39.191 [info] Got 0 sessions for ...
2025-11-24 07:55:39.234 [info] Getting sessions for all scopes...
2025-11-24 07:55:39.234 [info] Got 0 sessions for ...
2025-11-24 07:55:39.234 [info] Getting sessions for all scopes...
2025-11-24 07:55:39.234 [info] Got 0 sessions for ...
2025-11-24 07:55:39.234 [info] Getting sessions for all scopes...
2025-11-24 07:55:39.234 [info] Got 0 sessions for ...
2025-11-24 07:55:39.234 [info] Getting sessions for all scopes...
2025-11-24 07:55:39.234 [info] Got 0 sessions for ...
2025-11-24 07:55:39.234 [info] Getting sessions for all scopes...
2025-11-24 07:55:39.234 [info] Got 0 sessions for ...
2025-11-24 07:55:39.493 [info] Getting sessions for read:user,repo,user:email,workflow...
2025-11-24 07:55:39.493 [info] Got 0 sessions for read:user,repo,user:email,workflow...
2025-11-24 07:55:41.450 [info] Getting sessions for all scopes...
2025-11-24 07:55:41.450 [info] Got 0 sessions for ...
