2025-11-24 08:02:06.290 [info] [main] Log level: Info
2025-11-24 08:02:06.290 [info] [main] Validating found git in: "git"
2025-11-24 08:02:06.290 [info] [main] Using git "2.45.4" from "git"
2025-11-24 08:02:06.290 [info] [Model][doInitialScan] Initial repository scan started
2025-11-24 08:02:06.290 [info] > git rev-parse --show-toplevel [3ms]
2025-11-24 08:02:06.290 [info] fatal: not a git repository (or any of the parent directories): .git
2025-11-24 08:02:06.290 [info] > git rev-parse --show-toplevel [1ms]
2025-11-24 08:02:06.290 [info] fatal: not a git repository (or any parent up to mount point /workspaces)
Stopping at filesystem boundary (GIT_DISCOVERY_ACROSS_FILESYSTEM not set).
2025-11-24 08:02:06.290 [info] > git rev-parse --show-toplevel [0ms]
2025-11-24 08:02:06.290 [info] fatal: not a git repository (or any parent up to mount point /workspaces)
Stopping at filesystem boundary (GIT_DISCOVERY_ACROSS_FILESYSTEM not set).
2025-11-24 08:02:06.290 [info] > git rev-parse --show-toplevel [1ms]
2025-11-24 08:02:06.290 [info] > git rev-parse --git-dir --git-common-dir --show-superproject-working-tree [1ms]
2025-11-24 08:02:06.290 [info] [Model][openRepository] Opened repository (path): /workspaces/lb
2025-11-24 08:02:06.290 [info] [Model][openRepository] Opened repository (real path): /workspaces/lb
2025-11-24 08:02:06.290 [info] [Model][openRepository] Opened repository (kind): repository
2025-11-24 08:02:06.290 [info] [Model][doInitialScan] Initial repository scan completed - repositories (1), closed repositories (0), parent repositories (0), unsafe repositories (0)
2025-11-24 08:02:06.290 [info] > git config --get commit.template [3ms]
2025-11-24 08:02:06.290 [info] > git for-each-ref --format=%(refname)%00%(upstream:short)%00%(objectname)%00%(upstream:track)%00%(upstream:remotename)%00%(upstream:remoteref) refs/heads/main refs/remotes/main [2ms]
2025-11-24 08:02:06.290 [info] > git status -z -uall [3ms]
2025-11-24 08:02:06.290 [info] > git for-each-ref --sort -committerdate --format %(refname)%00%(objectname)%00%(*objectname) [2ms]
2025-11-24 08:02:06.311 [info] > git for-each-ref --format=%(refname)%00%(upstream:short)%00%(objectname)%00%(upstream:track)%00%(upstream:remotename)%00%(upstream:remoteref) refs/heads/main refs/remotes/main [4ms]
2025-11-24 08:02:06.313 [info] > git config --get commit.template [3ms]
2025-11-24 08:02:06.314 [info] > git config --get --local branch.main.vscode-merge-base [2ms]
2025-11-24 08:02:06.316 [info] > git for-each-ref --format=%(refname)%00%(upstream:short)%00%(objectname)%00%(upstream:track)%00%(upstream:remotename)%00%(upstream:remoteref) refs/heads/origin/main refs/remotes/origin/main [1ms]
2025-11-24 08:02:06.319 [info] > git for-each-ref --format=%(refname)%00%(upstream:short)%00%(objectname)%00%(upstream:track)%00%(upstream:remotename)%00%(upstream:remoteref) refs/heads/main refs/remotes/main [3ms]
2025-11-24 08:02:06.319 [info] > git merge-base refs/heads/main refs/remotes/origin/main [1ms]
2025-11-24 08:02:06.340 [info] > git diff --name-status -z --diff-filter=ADMR --find-renames=50% 08b8b9cfb43aa404988442a5e2cf7cc32133fbb6...refs/remotes/origin/main -- [19ms]
2025-11-24 08:02:06.343 [info] > git status -z -uall [2ms]
2025-11-24 08:02:06.344 [info] > git for-each-ref --sort -committerdate --format %(refname)%00%(objectname)%00%(*objectname) [2ms]
2025-11-24 08:02:08.007 [info] > git rev-parse --show-toplevel [1ms]
2025-11-24 08:02:08.007 [info] fatal: not a git repository (or any of the parent directories): .git
2025-11-24 08:04:17.780 [info] > git check-ignore -v -z --stdin [2ms]
2025-11-24 08:04:39.576 [info] > git rev-parse --show-toplevel [2ms]
2025-11-24 08:04:39.576 [info] fatal: not a git repository (or any of the parent directories): .git
2025-11-24 08:05:27.666 [info] > git rev-parse --show-toplevel [1ms]
2025-11-24 08:05:27.666 [info] fatal: not a git repository (or any of the parent directories): .git
2025-11-24 08:05:27.735 [info] > git log --format=%H%n%aN%n%aE%n%at%n%ct%n%P%n%D%n%B -z --shortstat --diff-merges=first-parent -n50 --skip=0 --topo-order --decorate=full --stdin [82ms]
2025-11-24 08:05:27.808 [info] > git merge-base main origin/main [2ms]
2025-11-24 08:05:28.172 [info] > git check-ignore -v -z --stdin [3ms]
2025-11-24 08:05:37.072 [info] > git show --textconv HEAD:docker-compose.yml [2ms]
2025-11-24 08:05:37.072 [info] > git ls-tree -l HEAD -- docker-compose.yml [1ms]
2025-11-24 08:05:37.174 [info] > git blame --root --incremental 08b8b9cfb43aa404988442a5e2cf7cc32133fbb6 -- docker-compose.yml [2ms]
