2025-11-24 13:18:10.993 [info] [main] Log level: Info
2025-11-24 13:18:10.993 [info] [main] Validating found git in: "git"
2025-11-24 13:18:10.993 [info] [main] Using git "2.45.4" from "git"
2025-11-24 13:18:10.993 [info] [Model][doInitialScan] Initial repository scan started
2025-11-24 13:18:10.993 [info] > git rev-parse --show-toplevel [1ms]
2025-11-24 13:18:10.993 [info] fatal: not a git repository (or any of the parent directories): .git
2025-11-24 13:18:10.993 [info] > git rev-parse --show-toplevel [96ms]
2025-11-24 13:18:10.993 [info] fatal: not a git repository (or any parent up to mount point /workspaces)
Stopping at filesystem boundary (GIT_DISCOVERY_ACROSS_FILESYSTEM not set).
2025-11-24 13:18:10.993 [info] > git rev-parse --show-toplevel [1ms]
2025-11-24 13:18:10.993 [info] fatal: not a git repository (or any parent up to mount point /workspaces)
Stopping at filesystem boundary (GIT_DISCOVERY_ACROSS_FILESYSTEM not set).
2025-11-24 13:18:10.993 [info] > git rev-parse --show-toplevel [1ms]
2025-11-24 13:18:10.993 [info] fatal: not a git repository (or any parent up to mount point /workspaces)
Stopping at filesystem boundary (GIT_DISCOVERY_ACROSS_FILESYSTEM not set).
2025-11-24 13:18:10.993 [info] > git rev-parse --show-toplevel [1ms]
2025-11-24 13:18:10.993 [info] > git rev-parse --git-dir --git-common-dir --show-superproject-working-tree [1ms]
2025-11-24 13:18:10.993 [info] [Model][openRepository] Opened repository (path): /workspaces/lb
2025-11-24 13:18:10.993 [info] [Model][openRepository] Opened repository (real path): /workspaces/lb
2025-11-24 13:18:10.993 [info] [Model][openRepository] Opened repository (kind): repository
2025-11-24 13:18:10.993 [info] [Model][doInitialScan] Initial repository scan completed - repositories (1), closed repositories (0), parent repositories (0), unsafe repositories (0)
2025-11-24 13:18:10.993 [info] > git config --get commit.template [3ms]
2025-11-24 13:18:10.993 [info] > git for-each-ref --format=%(refname)%00%(upstream:short)%00%(objectname)%00%(upstream:track)%00%(upstream:remotename)%00%(upstream:remoteref) refs/heads/main refs/remotes/main [1ms]
2025-11-24 13:18:10.998 [info] > git status -z -uall [2ms]
2025-11-24 13:18:10.999 [info] > git for-each-ref --sort -committerdate --format %(refname)%00%(objectname)%00%(*objectname) [2ms]
2025-11-24 13:18:11.018 [info] > git for-each-ref --format=%(refname)%00%(upstream:short)%00%(objectname)%00%(upstream:track)%00%(upstream:remotename)%00%(upstream:remoteref) refs/heads/main refs/remotes/main [3ms]
2025-11-24 13:18:11.020 [info] > git config --get commit.template [2ms]
2025-11-24 13:18:11.021 [info] > git config --get --local branch.main.vscode-merge-base [1ms]
2025-11-24 13:18:11.024 [info] > git for-each-ref --format=%(refname)%00%(upstream:short)%00%(objectname)%00%(upstream:track)%00%(upstream:remotename)%00%(upstream:remoteref) refs/heads/origin/main refs/remotes/origin/main [2ms]
2025-11-24 13:18:11.026 [info] > git for-each-ref --format=%(refname)%00%(upstream:short)%00%(objectname)%00%(upstream:track)%00%(upstream:remotename)%00%(upstream:remoteref) refs/heads/main refs/remotes/main [3ms]
2025-11-24 13:18:11.027 [info] > git merge-base refs/heads/main refs/remotes/origin/main [2ms]
2025-11-24 13:18:11.031 [info] > git diff --name-status -z --diff-filter=ADMR --find-renames=50% 08b8b9cfb43aa404988442a5e2cf7cc32133fbb6...refs/remotes/origin/main -- [3ms]
2025-11-24 13:18:11.031 [info] > git status -z -uall [2ms]
2025-11-24 13:18:11.032 [info] > git for-each-ref --sort -committerdate --format %(refname)%00%(objectname)%00%(*objectname) [2ms]
2025-11-24 13:18:11.670 [info] > git check-ignore -v -z --stdin [1ms]
2025-11-24 13:18:12.380 [info] > git rev-parse --show-toplevel [1ms]
2025-11-24 13:18:12.380 [info] fatal: not a git repository (or any of the parent directories): .git
2025-11-24 13:18:14.048 [info] > git check-ignore -v -z --stdin [1ms]
2025-11-24 13:18:15.665 [info] > git check-ignore -v -z --stdin [1ms]
2025-11-24 13:18:25.285 [info] > git rev-parse --show-toplevel [1ms]
2025-11-24 13:18:25.288 [info] > git rev-parse --git-dir --git-common-dir --show-superproject-working-tree [2ms]
2025-11-24 13:18:25.291 [info] [Model][openRepository] Opened repository (path): /workspaces/docker/code-server
2025-11-24 13:18:25.291 [info] [Model][openRepository] Opened repository (real path): /workspaces/docker/code-server
2025-11-24 13:18:25.291 [info] [Model][openRepository] Opened repository (kind): repository
2025-11-24 13:18:25.295 [info] > git config --get commit.template [3ms]
2025-11-24 13:18:25.295 [info] > git for-each-ref --format=%(refname)%00%(upstream:short)%00%(objectname)%00%(upstream:track)%00%(upstream:remotename)%00%(upstream:remoteref) refs/heads/main refs/remotes/main [1ms]
2025-11-24 13:18:25.297 [warning] [Git][revParse] Unable to read file: ENOENT: no such file or directory, open '/workspaces/docker/code-server/.git/refs/remotes/origin/main'
2025-11-24 13:18:25.298 [info] > git rev-parse refs/remotes/origin/main [1ms]
2025-11-24 13:18:25.301 [info] > git for-each-ref --sort -committerdate --format %(refname)%00%(objectname)%00%(*objectname) [1ms]
2025-11-24 13:18:25.412 [info] > git status -z -uall [112ms] (cancelled)
2025-11-24 13:18:25.518 [info] > git for-each-ref --format=%(refname)%00%(upstream:short)%00%(objectname)%00%(upstream:track)%00%(upstream:remotename)%00%(upstream:remoteref) refs/heads/main refs/remotes/main [4ms]
2025-11-24 13:18:25.526 [info] > git config --get commit.template [7ms]
2025-11-24 13:18:25.526 [info] > git config --get --local branch.main.vscode-merge-base [5ms]
2025-11-24 13:18:25.531 [info] > git for-each-ref --format=%(refname)%00%(upstream:short)%00%(objectname)%00%(upstream:track)%00%(upstream:remotename)%00%(upstream:remoteref) refs/heads/origin/main refs/remotes/origin/main [2ms]
2025-11-24 13:18:25.534 [info] > git for-each-ref --format=%(refname)%00%(upstream:short)%00%(objectname)%00%(upstream:track)%00%(upstream:remotename)%00%(upstream:remoteref) refs/heads/main refs/remotes/main [4ms]
2025-11-24 13:18:25.535 [info] > git merge-base refs/heads/main refs/remotes/origin/main [2ms]
2025-11-24 13:18:25.539 [warning] [Git][revParse] Unable to read file: ENOENT: no such file or directory, open '/workspaces/docker/code-server/.git/refs/remotes/origin/main'
2025-11-24 13:18:25.540 [info] > git diff --name-status -z --diff-filter=ADMR --find-renames=50% fbbc49f34908d736ed1849039c3a5d9f4bd799f3...refs/remotes/origin/main -- [3ms]
2025-11-24 13:18:25.541 [info] > git rev-parse refs/remotes/origin/main [2ms]
2025-11-24 13:18:26.519 [info] > git for-each-ref --sort -committerdate --format %(refname)%00%(objectname)%00%(*objectname) [975ms]
2025-11-24 13:18:26.530 [info] > git check-ignore -v -z --stdin [7ms]
2025-11-24 13:18:26.530 [info] > git check-ignore -v -z --stdin [7ms]
2025-11-24 13:18:26.537 [info] > git status -z -uall [994ms] (cancelled)
2025-11-24 13:18:28.244 [info] > git show --textconv :docker-compose.yml [3ms]
2025-11-24 13:18:28.244 [info] > git ls-files --stage -- docker-compose.yml [1ms]
2025-11-24 13:18:28.248 [info] > git cat-file -s 2d1acd277d73454b4d735c1a5f1268157a4ae8d1 [1ms]
2025-11-24 13:18:28.436 [info] > git blame --root --incremental fbbc49f34908d736ed1849039c3a5d9f4bd799f3 -- docker-compose.yml [3ms]
2025-11-24 13:18:35.127 [info] > git rev-parse --show-toplevel [1ms]
2025-11-24 13:18:35.127 [info] fatal: not a git repository (or any parent up to mount point /workspaces)
Stopping at filesystem boundary (GIT_DISCOVERY_ACROSS_FILESYSTEM not set).
2025-11-24 13:18:59.425 [info] > git show --textconv :Dockerfile [6ms]
2025-11-24 13:18:59.427 [info] > git ls-files --stage -- Dockerfile [3ms]
2025-11-24 13:18:59.433 [info] > git cat-file -s 6e140b55d5e8084e49eb1938e12a8fa8428caba5 [3ms]
2025-11-24 13:19:06.743 [info] > git rev-parse --show-toplevel [1ms]
2025-11-24 13:19:06.743 [info] fatal: not a git repository (or any parent up to mount point /workspaces)
Stopping at filesystem boundary (GIT_DISCOVERY_ACROSS_FILESYSTEM not set).
2025-11-24 13:19:09.887 [info] > git rev-parse --show-toplevel [2ms]
2025-11-24 13:19:09.887 [info] fatal: not a git repository (or any parent up to mount point /workspaces)
Stopping at filesystem boundary (GIT_DISCOVERY_ACROSS_FILESYSTEM not set).
2025-11-24 13:19:29.771 [info] > git rev-parse --show-toplevel [1ms]
2025-11-24 13:19:29.771 [info] fatal: not a git repository (or any parent up to mount point /workspaces)
Stopping at filesystem boundary (GIT_DISCOVERY_ACROSS_FILESYSTEM not set).
2025-11-24 13:19:46.707 [info] > git show --textconv :docker-compose.yml [4ms]
2025-11-24 13:19:46.709 [info] > git ls-files --stage -- docker-compose.yml [3ms]
2025-11-24 13:19:46.715 [info] > git cat-file -s 2d1acd277d73454b4d735c1a5f1268157a4ae8d1 [3ms]
2025-11-24 13:22:06.141 [info] > git show --textconv :Dockerfile [5ms]
2025-11-24 13:22:06.143 [info] > git ls-files --stage -- Dockerfile [3ms]
2025-11-24 13:22:06.148 [info] > git cat-file -s 6e140b55d5e8084e49eb1938e12a8fa8428caba5 [3ms]
2025-11-24 13:23:11.272 [info] > git show --textconv :docker-compose.yml [4ms]
2025-11-24 13:23:11.272 [info] > git ls-files --stage -- docker-compose.yml [1ms]
2025-11-24 13:23:11.274 [info] > git cat-file -s 2d1acd277d73454b4d735c1a5f1268157a4ae8d1 [0ms]
2025-11-24 13:23:18.418 [info] > git rev-parse --show-toplevel [0ms]
2025-11-24 13:23:18.418 [info] fatal: not a git repository (or any parent up to mount point /workspaces)
Stopping at filesystem boundary (GIT_DISCOVERY_ACROSS_FILESYSTEM not set).
2025-11-24 13:23:45.417 [info] > git rev-parse --show-toplevel [1ms]
2025-11-24 13:23:45.417 [info] fatal: not a git repository (or any parent up to mount point /workspaces)
Stopping at filesystem boundary (GIT_DISCOVERY_ACROSS_FILESYSTEM not set).
2025-11-24 13:25:52.956 [info] > git rev-parse --show-toplevel [1ms]
2025-11-24 13:25:52.956 [info] fatal: not a git repository (or any parent up to mount point /workspaces)
Stopping at filesystem boundary (GIT_DISCOVERY_ACROSS_FILESYSTEM not set).
2025-11-24 13:26:09.311 [info] > git rev-parse --show-toplevel [1ms]
2025-11-24 13:26:09.311 [info] fatal: not a git repository (or any parent up to mount point /workspaces)
Stopping at filesystem boundary (GIT_DISCOVERY_ACROSS_FILESYSTEM not set).
2025-11-24 13:26:18.325 [info] > git rev-parse --show-toplevel [1ms]
2025-11-24 13:26:18.325 [info] fatal: not a git repository (or any parent up to mount point /workspaces)
Stopping at filesystem boundary (GIT_DISCOVERY_ACROSS_FILESYSTEM not set).
2025-11-24 13:27:17.610 [info] > git rev-parse --show-toplevel [1ms]
2025-11-24 13:27:17.610 [info] fatal: not a git repository (or any of the parent directories): .git
2025-11-24 13:59:38.023 [info] > git rev-parse --show-toplevel [2ms]
2025-11-24 13:59:38.023 [info] fatal: not a git repository (or any parent up to mount point /workspaces)
Stopping at filesystem boundary (GIT_DISCOVERY_ACROSS_FILESYSTEM not set).
2025-11-24 13:59:47.983 [info] > git rev-parse --show-toplevel [4ms]
2025-11-24 13:59:47.983 [info] fatal: not a git repository (or any parent up to mount point /workspaces)
Stopping at filesystem boundary (GIT_DISCOVERY_ACROSS_FILESYSTEM not set).
2025-11-24 14:02:30.328 [info] > git rev-parse --show-toplevel [1ms]
2025-11-24 14:02:30.328 [info] fatal: not a git repository (or any parent up to mount point /workspaces)
Stopping at filesystem boundary (GIT_DISCOVERY_ACROSS_FILESYSTEM not set).
2025-11-24 21:55:30.437 [info] > git rev-parse --show-toplevel [2ms]
2025-11-24 21:55:30.446 [info] > git rev-parse --git-dir --git-common-dir --show-superproject-working-tree [3ms]
2025-11-24 21:55:30.463 [info] [Model][openRepository] Opened repository (path): /workspaces/docker/lara-docker
2025-11-24 21:55:30.463 [info] [Model][openRepository] Opened repository (real path): /workspaces/docker/lara-docker
2025-11-24 21:55:30.463 [info] [Model][openRepository] Opened repository (kind): repository
2025-11-24 21:55:30.469 [info] > git config --get commit.template [2ms]
2025-11-24 21:55:30.473 [info] > git for-each-ref --format=%(refname)%00%(upstream:short)%00%(objectname)%00%(upstream:track)%00%(upstream:remotename)%00%(upstream:remoteref) refs/heads/main refs/remotes/main [2ms]
2025-11-24 21:55:30.478 [info] > git status -z -uall [3ms]
2025-11-24 21:55:30.479 [info] > git for-each-ref --sort -committerdate --format %(refname)%00%(objectname)%00%(*objectname) [2ms]
2025-11-24 21:55:30.518 [info] > git for-each-ref --format=%(refname)%00%(upstream:short)%00%(objectname)%00%(upstream:track)%00%(upstream:remotename)%00%(upstream:remoteref) refs/heads/main refs/remotes/main [33ms]
2025-11-24 21:55:30.623 [info] > git config --get --local branch.main.vscode-merge-base [7ms]
2025-11-24 21:55:30.628 [info] > git config --get commit.template [110ms]
2025-11-24 21:55:30.628 [info] > git config --get commit.template [140ms]
2025-11-24 21:55:30.636 [info] > git for-each-ref --format=%(refname)%00%(upstream:short)%00%(objectname)%00%(upstream:track)%00%(upstream:remotename)%00%(upstream:remoteref) refs/heads/main refs/remotes/main [5ms]
2025-11-24 21:55:30.636 [info] > git for-each-ref --format=%(refname)%00%(upstream:short)%00%(objectname)%00%(upstream:track)%00%(upstream:remotename)%00%(upstream:remoteref) refs/heads/origin/main refs/remotes/origin/main [9ms]
2025-11-24 21:55:30.642 [info] > git for-each-ref --format=%(refname)%00%(upstream:short)%00%(objectname)%00%(upstream:track)%00%(upstream:remotename)%00%(upstream:remoteref) refs/heads/main refs/remotes/main [8ms]
2025-11-24 21:55:30.649 [info] > git merge-base refs/heads/main refs/remotes/origin/main [9ms]
2025-11-24 21:55:30.654 [info] > git status -z -uall [8ms]
2025-11-24 21:55:30.654 [info] > git for-each-ref --sort -committerdate --format %(refname)%00%(objectname)%00%(*objectname) [5ms]
2025-11-24 21:55:30.664 [info] > git merge-base refs/heads/main refs/remotes/origin/main [5ms]
2025-11-24 21:55:30.666 [info] > git diff --name-status -z --diff-filter=ADMR --find-renames=50% 08b8b9cfb43aa404988442a5e2cf7cc32133fbb6...refs/remotes/origin/main -- [14ms]
2025-11-24 21:55:30.667 [info] > git status -z -uall [5ms]
2025-11-24 21:55:30.667 [info] > git for-each-ref --sort -committerdate --format %(refname)%00%(objectname)%00%(*objectname) [3ms]
2025-11-24 21:55:30.670 [info] > git diff --name-status -z --diff-filter=ADMR --find-renames=50% 08b8b9cfb43aa404988442a5e2cf7cc32133fbb6...refs/remotes/origin/main -- [4ms]
2025-11-24 21:55:31.183 [info] > git check-ignore -v -z --stdin [8ms]
2025-11-24 21:55:31.184 [info] > git check-ignore -v -z --stdin [6ms]
2025-11-24 21:55:31.193 [info] > git check-ignore -v -z --stdin [12ms]
2025-11-24 21:55:31.195 [info] > git show --textconv :.env [7ms]
2025-11-24 21:55:31.199 [info] > git ls-files --stage -- .env [7ms]
2025-11-24 21:55:31.204 [info] > git hash-object -t tree /dev/null [5ms]
2025-11-24 21:55:31.204 [warning] [GitFileSystemProvider][readFile] File not found - git:/workspaces/docker/lara-docker/.env.git?%7B%22path%22%3A%22%2Fworkspaces%2Fdocker%2Flara-docker%2F.env%22%2C%22ref%22%3A%22%22%7D
2025-11-24 21:55:31.205 [info] > git hash-object -t tree /dev/null [2ms]
2025-11-24 21:55:31.205 [warning] [GitFileSystemProvider][stat] File not found - git:/workspaces/docker/lara-docker/.env.git?%7B%22path%22%3A%22%2Fworkspaces%2Fdocker%2Flara-docker%2F.env%22%2C%22ref%22%3A%22%22%7D
2025-11-24 21:55:35.787 [info] > git config --get commit.template [8ms]
2025-11-24 21:55:35.793 [info] > git config --get commit.template [7ms]
2025-11-24 21:55:35.798 [info] > git for-each-ref --format=%(refname)%00%(upstream:short)%00%(objectname)%00%(upstream:track)%00%(upstream:remotename)%00%(upstream:remoteref) refs/heads/main refs/remotes/main [8ms]
2025-11-24 21:55:35.805 [info] > git for-each-ref --format=%(refname)%00%(upstream:short)%00%(objectname)%00%(upstream:track)%00%(upstream:remotename)%00%(upstream:remoteref) refs/heads/main refs/remotes/main [8ms]
2025-11-24 21:55:35.806 [info] > git status -z -uall [5ms]
2025-11-24 21:55:35.806 [info] > git for-each-ref --sort -committerdate --format %(refname)%00%(objectname)%00%(*objectname) [1ms]
2025-11-24 21:55:35.810 [info] > git status -z -uall [2ms]
2025-11-24 21:55:35.811 [info] > git for-each-ref --sort -committerdate --format %(refname)%00%(objectname)%00%(*objectname) [1ms]
2025-11-24 21:55:53.512 [info] > git config --get commit.template [1ms]
2025-11-24 21:55:53.512 [info] > git config --get commit.template [2ms]
2025-11-24 21:55:53.515 [info] > git for-each-ref --format=%(refname)%00%(upstream:short)%00%(objectname)%00%(upstream:track)%00%(upstream:remotename)%00%(upstream:remoteref) refs/heads/main refs/remotes/main [1ms]
2025-11-24 21:55:53.519 [info] > git status -z -uall [2ms]
2025-11-24 21:55:53.519 [info] > git for-each-ref --format=%(refname)%00%(upstream:short)%00%(objectname)%00%(upstream:track)%00%(upstream:remotename)%00%(upstream:remoteref) refs/heads/main refs/remotes/main [4ms]
2025-11-24 21:55:53.520 [info] > git for-each-ref --sort -committerdate --format %(refname)%00%(objectname)%00%(*objectname) [1ms]
2025-11-24 21:55:53.525 [info] > git status -z -uall [3ms]
2025-11-24 21:55:53.525 [info] > git for-each-ref --sort -committerdate --format %(refname)%00%(objectname)%00%(*objectname) [1ms]
2025-11-24 21:56:02.621 [info] > git config --get commit.template [2ms]
2025-11-24 21:56:02.623 [info] > git for-each-ref --format=%(refname)%00%(upstream:short)%00%(objectname)%00%(upstream:track)%00%(upstream:remotename)%00%(upstream:remoteref) refs/heads/main refs/remotes/main [1ms]
2025-11-24 21:56:02.624 [info] > git config --get commit.template [3ms]
2025-11-24 21:56:02.626 [info] > git for-each-ref --format=%(refname)%00%(upstream:short)%00%(objectname)%00%(upstream:track)%00%(upstream:remotename)%00%(upstream:remoteref) refs/heads/main refs/remotes/main [3ms]
2025-11-24 21:56:02.631 [info] > git status -z -uall [6ms]
2025-11-24 21:56:02.631 [info] > git status -z -uall [3ms]
2025-11-24 21:56:02.631 [info] > git for-each-ref --sort -committerdate --format %(refname)%00%(objectname)%00%(*objectname) [5ms]
2025-11-24 21:56:02.633 [info] > git for-each-ref --sort -committerdate --format %(refname)%00%(objectname)%00%(*objectname) [3ms]
2025-11-24 21:56:04.336 [info] > git check-ignore -v -z --stdin [3ms]
2025-11-24 21:56:06.579 [info] > git check-ignore -v -z --stdin [3ms]
2025-11-24 21:56:09.108 [info] > git show --textconv :.docker/workspace/Dockerfile [5ms]
2025-11-24 21:56:09.109 [info] > git ls-files --stage -- .docker/workspace/Dockerfile [2ms]
2025-11-24 21:56:09.111 [info] > git cat-file -s 8ee0c9a407d283aaa75556ca8f2fa91342554126 [1ms]
2025-11-24 21:56:23.520 [info] > git config --get commit.template [7ms]
2025-11-24 21:56:23.529 [info] > git config --get commit.template [9ms]
2025-11-24 21:56:23.529 [info] > git for-each-ref --format=%(refname)%00%(upstream:short)%00%(objectname)%00%(upstream:track)%00%(upstream:remotename)%00%(upstream:remoteref) refs/heads/main refs/remotes/main [5ms]
2025-11-24 21:56:23.531 [info] > git for-each-ref --format=%(refname)%00%(upstream:short)%00%(objectname)%00%(upstream:track)%00%(upstream:remotename)%00%(upstream:remoteref) refs/heads/main refs/remotes/main [4ms]
2025-11-24 21:56:23.538 [info] > git status -z -uall [4ms]
2025-11-24 21:56:23.541 [info] > git for-each-ref --sort -committerdate --format %(refname)%00%(objectname)%00%(*objectname) [3ms]
2025-11-24 21:56:23.543 [info] > git status -z -uall [3ms]
2025-11-24 21:56:23.543 [info] > git for-each-ref --sort -committerdate --format %(refname)%00%(objectname)%00%(*objectname) [2ms]
2025-11-24 21:56:32.231 [info] > git blame --root --incremental 08b8b9cfb43aa404988442a5e2cf7cc32133fbb6 -- .docker/workspace/Dockerfile [4ms]
2025-11-24 21:56:32.629 [info] > git config --get commit.template [6ms]
2025-11-24 21:56:32.636 [info] > git for-each-ref --format=%(refname)%00%(upstream:short)%00%(objectname)%00%(upstream:track)%00%(upstream:remotename)%00%(upstream:remoteref) refs/heads/main refs/remotes/main [4ms]
2025-11-24 21:56:32.636 [info] > git config --get commit.template [9ms]
2025-11-24 21:56:32.639 [info] > git for-each-ref --format=%(refname)%00%(upstream:short)%00%(objectname)%00%(upstream:track)%00%(upstream:remotename)%00%(upstream:remoteref) refs/heads/main refs/remotes/main [3ms]
2025-11-24 21:56:32.640 [info] > git status -z -uall [2ms]
2025-11-24 21:56:32.640 [info] > git for-each-ref --sort -committerdate --format %(refname)%00%(objectname)%00%(*objectname) [1ms]
2025-11-24 21:56:32.645 [info] > git status -z -uall [2ms]
2025-11-24 21:56:32.645 [info] > git for-each-ref --sort -committerdate --format %(refname)%00%(objectname)%00%(*objectname) [1ms]
2025-11-24 21:56:44.932 [info] > git rev-parse --show-toplevel [1ms]
2025-11-24 21:56:44.932 [info] fatal: not a git repository (or any parent up to mount point /workspaces)
Stopping at filesystem boundary (GIT_DISCOVERY_ACROSS_FILESYSTEM not set).
2025-11-24 22:02:15.418 [info] > git config --get commit.template [2ms]
2025-11-24 22:02:15.418 [info] > git config --get commit.template [1ms]
2025-11-24 22:02:15.421 [info] > git for-each-ref --format=%(refname)%00%(upstream:short)%00%(objectname)%00%(upstream:track)%00%(upstream:remotename)%00%(upstream:remoteref) refs/heads/main refs/remotes/main [1ms]
2025-11-24 22:02:15.422 [info] > git for-each-ref --format=%(refname)%00%(upstream:short)%00%(objectname)%00%(upstream:track)%00%(upstream:remotename)%00%(upstream:remoteref) refs/heads/main refs/remotes/main [1ms]
2025-11-24 22:02:15.428 [info] > git status -z -uall [5ms]
2025-11-24 22:02:15.428 [info] > git for-each-ref --sort -committerdate --format %(refname)%00%(objectname)%00%(*objectname) [4ms]
2025-11-24 22:02:15.429 [info] > git status -z -uall [3ms]
2025-11-24 22:02:15.429 [info] > git for-each-ref --sort -committerdate --format %(refname)%00%(objectname)%00%(*objectname) [2ms]
2025-11-24 22:03:36.955 [info] > git config --get commit.template [1ms]
2025-11-24 22:03:36.956 [info] > git config --get commit.template [1ms]
2025-11-24 22:03:36.958 [info] > git for-each-ref --format=%(refname)%00%(upstream:short)%00%(objectname)%00%(upstream:track)%00%(upstream:remotename)%00%(upstream:remoteref) refs/heads/main refs/remotes/main [1ms]
2025-11-24 22:03:36.961 [info] > git for-each-ref --format=%(refname)%00%(upstream:short)%00%(objectname)%00%(upstream:track)%00%(upstream:remotename)%00%(upstream:remoteref) refs/heads/main refs/remotes/main [3ms]
2025-11-24 22:03:36.962 [info] > git status -z -uall [2ms]
2025-11-24 22:03:36.962 [info] > git for-each-ref --sort -committerdate --format %(refname)%00%(objectname)%00%(*objectname) [1ms]
2025-11-24 22:03:36.967 [info] > git status -z -uall [3ms]
2025-11-24 22:03:36.967 [info] > git for-each-ref --sort -committerdate --format %(refname)%00%(objectname)%00%(*objectname) [1ms]
2025-11-24 22:03:41.972 [info] > git config --get commit.template [3ms]
2025-11-24 22:03:41.976 [info] > git config --get commit.template [2ms]
2025-11-24 22:03:41.977 [info] > git for-each-ref --format=%(refname)%00%(upstream:short)%00%(objectname)%00%(upstream:track)%00%(upstream:remotename)%00%(upstream:remoteref) refs/heads/main refs/remotes/main [3ms]
2025-11-24 22:03:41.981 [info] > git for-each-ref --format=%(refname)%00%(upstream:short)%00%(objectname)%00%(upstream:track)%00%(upstream:remotename)%00%(upstream:remoteref) refs/heads/main refs/remotes/main [4ms]
2025-11-24 22:03:41.981 [info] > git status -z -uall [2ms]
2025-11-24 22:03:41.982 [info] > git for-each-ref --sort -committerdate --format %(refname)%00%(objectname)%00%(*objectname) [2ms]
2025-11-24 22:03:41.986 [info] > git status -z -uall [2ms]
2025-11-24 22:03:41.987 [info] > git for-each-ref --sort -committerdate --format %(refname)%00%(objectname)%00%(*objectname) [2ms]
2025-11-24 22:03:47.510 [info] > git show --textconv :.gitignore [4ms]
2025-11-24 22:03:47.512 [info] > git ls-files --stage -- .gitignore [3ms]
2025-11-24 22:03:47.519 [info] > git cat-file -s 5e3a4f030439ef344ab41bfc325e0463c6deb8eb [3ms]
2025-11-24 22:03:48.777 [info] > git blame --root --incremental 08b8b9cfb43aa404988442a5e2cf7cc32133fbb6 -- .gitignore [4ms]
2025-11-24 22:03:53.570 [info] > git config --get commit.template [1ms]
2025-11-24 22:03:53.570 [info] > git config --get commit.template [2ms]
2025-11-24 22:03:53.573 [info] > git for-each-ref --format=%(refname)%00%(upstream:short)%00%(objectname)%00%(upstream:track)%00%(upstream:remotename)%00%(upstream:remoteref) refs/heads/main refs/remotes/main [2ms]
2025-11-24 22:03:53.576 [info] > git for-each-ref --format=%(refname)%00%(upstream:short)%00%(objectname)%00%(upstream:track)%00%(upstream:remotename)%00%(upstream:remoteref) refs/heads/main refs/remotes/main [4ms]
2025-11-24 22:03:53.576 [info] > git status -z -uall [2ms]
2025-11-24 22:03:53.580 [info] > git for-each-ref --sort -committerdate --format %(refname)%00%(objectname)%00%(*objectname) [4ms]
2025-11-24 22:03:53.581 [info] > git status -z -uall [3ms]
2025-11-24 22:03:53.581 [info] > git for-each-ref --sort -committerdate --format %(refname)%00%(objectname)%00%(*objectname) [2ms]
2025-11-24 22:04:02.681 [info] > git config --get commit.template [6ms]
2025-11-24 22:04:02.689 [info] > git config --get commit.template [9ms]
2025-11-24 22:04:02.690 [info] > git for-each-ref --format=%(refname)%00%(upstream:short)%00%(objectname)%00%(upstream:track)%00%(upstream:remotename)%00%(upstream:remoteref) refs/heads/main refs/remotes/main [5ms]
2025-11-24 22:04:02.697 [info] > git for-each-ref --format=%(refname)%00%(upstream:short)%00%(objectname)%00%(upstream:track)%00%(upstream:remotename)%00%(upstream:remoteref) refs/heads/main refs/remotes/main [9ms]
2025-11-24 22:04:02.700 [info] > git status -z -uall [6ms]
2025-11-24 22:04:02.701 [info] > git for-each-ref --sort -committerdate --format %(refname)%00%(objectname)%00%(*objectname) [4ms]
2025-11-24 22:04:02.702 [info] > git status -z -uall [3ms]
2025-11-24 22:04:02.702 [info] > git for-each-ref --sort -committerdate --format %(refname)%00%(objectname)%00%(*objectname) [2ms]
2025-11-24 22:04:07.981 [info] > git rev-parse --show-toplevel [1ms]
2025-11-24 22:04:07.992 [info] > git rev-parse --git-dir --git-common-dir --show-superproject-working-tree [2ms]
2025-11-24 22:04:07.995 [info] [Model][openRepository] Opened repository (path): /workspaces/benny/registrasi
2025-11-24 22:04:07.995 [info] [Model][openRepository] Opened repository (real path): /workspaces/benny/registrasi
2025-11-24 22:04:07.995 [info] [Model][openRepository] Opened repository (kind): repository
2025-11-24 22:04:08.000 [info] > git config --get commit.template [3ms]
2025-11-24 22:04:08.000 [info] > git for-each-ref --format=%(refname)%00%(upstream:short)%00%(objectname)%00%(upstream:track)%00%(upstream:remotename)%00%(upstream:remoteref) refs/heads/main refs/remotes/main [1ms]
2025-11-24 22:04:08.006 [info] > git for-each-ref --sort -committerdate --format %(refname)%00%(objectname)%00%(*objectname) [2ms]
2025-11-24 22:04:08.064 [info] > git status -z -uall [62ms]
2025-11-24 22:04:08.071 [info] > git config --get commit.template [2ms]
2025-11-24 22:04:08.071 [info] > git for-each-ref --format=%(refname)%00%(upstream:short)%00%(objectname)%00%(upstream:track)%00%(upstream:remotename)%00%(upstream:remoteref) refs/heads/main refs/remotes/main [4ms]
2025-11-24 22:04:08.074 [info] > git config --get --local branch.main.vscode-merge-base [2ms]
2025-11-24 22:04:08.076 [info] > git for-each-ref --format=%(refname)%00%(upstream:short)%00%(objectname)%00%(upstream:track)%00%(upstream:remotename)%00%(upstream:remoteref) refs/heads/main refs/remotes/main [3ms]
2025-11-24 22:04:08.079 [info] > git for-each-ref --format=%(refname)%00%(upstream:short)%00%(objectname)%00%(upstream:track)%00%(upstream:remotename)%00%(upstream:remoteref) refs/heads/origin/main refs/remotes/origin/main [4ms]
2025-11-24 22:04:08.081 [info] > git for-each-ref --sort -committerdate --format %(refname)%00%(objectname)%00%(*objectname) [2ms]
2025-11-24 22:04:08.083 [info] > git merge-base refs/heads/main refs/remotes/origin/main [2ms]
2025-11-24 22:04:08.089 [info] > git diff --name-status -z --diff-filter=ADMR --find-renames=50% fcdc8340b8bd8684c7f7bf458fe68d4726d4355f...refs/remotes/origin/main -- [4ms]
2025-11-24 22:04:08.113 [info] > git status -z -uall [36ms]
2025-11-24 22:04:08.472 [info] > git show --textconv :.dockerignore [9ms]
2025-11-24 22:04:08.478 [info] > git ls-files --stage -- .dockerignore [12ms]
2025-11-24 22:04:08.484 [info] > git cat-file -s 7f30495bfc590e6b42a0f3a3abc7896b851daf16 [3ms]
2025-11-24 22:04:08.631 [info] > git check-ignore -v -z --stdin [27ms]
2025-11-24 22:04:09.289 [info] > git blame --root --incremental fcdc8340b8bd8684c7f7bf458fe68d4726d4355f -- .dockerignore [34ms]
2025-11-24 22:04:16.758 [info] > git check-ignore -v -z --stdin [7ms]
2025-11-24 22:04:23.251 [info] > git check-ignore -v -z --stdin [5ms]
2025-11-24 22:04:23.253 [info] > git check-ignore -v -z --stdin [2ms]
2025-11-24 22:04:23.574 [info] > git config --get commit.template [4ms]
2025-11-24 22:04:23.583 [info] > git config --get commit.template [11ms]
2025-11-24 22:04:23.584 [info] > git for-each-ref --format=%(refname)%00%(upstream:short)%00%(objectname)%00%(upstream:track)%00%(upstream:remotename)%00%(upstream:remoteref) refs/heads/main refs/remotes/main [6ms]
2025-11-24 22:04:23.585 [info] > git for-each-ref --format=%(refname)%00%(upstream:short)%00%(objectname)%00%(upstream:track)%00%(upstream:remotename)%00%(upstream:remoteref) refs/heads/main refs/remotes/main [4ms]
2025-11-24 22:04:23.590 [info] > git status -z -uall [4ms]
2025-11-24 22:04:23.590 [info] > git for-each-ref --sort -committerdate --format %(refname)%00%(objectname)%00%(*objectname) [3ms]
2025-11-24 22:04:23.592 [info] > git status -z -uall [4ms]
2025-11-24 22:04:23.592 [info] > git for-each-ref --sort -committerdate --format %(refname)%00%(objectname)%00%(*objectname) [2ms]
2025-11-24 22:04:32.698 [info] > git config --get commit.template [2ms]
2025-11-24 22:04:32.700 [info] > git config --get commit.template [2ms]
2025-11-24 22:04:32.701 [info] > git for-each-ref --format=%(refname)%00%(upstream:short)%00%(objectname)%00%(upstream:track)%00%(upstream:remotename)%00%(upstream:remoteref) refs/heads/main refs/remotes/main [2ms]
2025-11-24 22:04:32.704 [info] > git for-each-ref --format=%(refname)%00%(upstream:short)%00%(objectname)%00%(upstream:track)%00%(upstream:remotename)%00%(upstream:remoteref) refs/heads/main refs/remotes/main [4ms]
2025-11-24 22:04:32.704 [info] > git status -z -uall [2ms]
2025-11-24 22:04:32.708 [info] > git for-each-ref --sort -committerdate --format %(refname)%00%(objectname)%00%(*objectname) [5ms]
2025-11-24 22:04:32.709 [info] > git status -z -uall [3ms]
2025-11-24 22:04:32.709 [info] > git for-each-ref --sort -committerdate --format %(refname)%00%(objectname)%00%(*objectname) [2ms]
2025-11-24 22:04:38.287 [info] > git rev-parse --show-toplevel [39ms]
2025-11-24 22:04:38.293 [info] > git rev-parse --git-dir --git-common-dir --show-superproject-working-tree [3ms]
2025-11-24 22:04:38.300 [info] [Model][openRepository] Opened repository (path): /workspaces/docker/laradock
2025-11-24 22:04:38.300 [info] [Model][openRepository] Opened repository (real path): /workspaces/docker/laradock
2025-11-24 22:04:38.300 [info] [Model][openRepository] Opened repository (kind): repository
2025-11-24 22:04:38.309 [info] > git config --get commit.template [4ms]
2025-11-24 22:04:38.549 [info] > git for-each-ref --format=%(refname)%00%(upstream:short)%00%(objectname)%00%(upstream:track)%00%(upstream:remotename)%00%(upstream:remoteref) refs/heads/master refs/remotes/master [241ms]
2025-11-24 22:04:38.575 [info] > git for-each-ref --sort -committerdate --format %(refname)%00%(objectname)%00%(*objectname) [18ms]
2025-11-24 22:04:38.756 [info] > git status -z -uall [203ms] (cancelled)
2025-11-24 22:04:38.758 [info] > git for-each-ref --format=%(refname)%00%(upstream:short)%00%(objectname)%00%(upstream:track)%00%(upstream:remotename)%00%(upstream:remoteref) refs/heads/master refs/remotes/master [3ms]
2025-11-24 22:04:38.760 [info] > git config --get commit.template [3ms]
2025-11-24 22:04:38.761 [info] > git config --get --local branch.master.vscode-merge-base [2ms]
2025-11-24 22:04:38.763 [info] > git for-each-ref --format=%(refname)%00%(upstream:short)%00%(objectname)%00%(upstream:track)%00%(upstream:remotename)%00%(upstream:remoteref) refs/heads/master refs/remotes/master [2ms]
2025-11-24 22:04:38.764 [info] > git for-each-ref --format=%(refname)%00%(upstream:short)%00%(objectname)%00%(upstream:track)%00%(upstream:remotename)%00%(upstream:remoteref) refs/heads/origin/master refs/remotes/origin/master [1ms]
2025-11-24 22:04:38.769 [info] > git merge-base refs/heads/master refs/remotes/origin/master [3ms]
2025-11-24 22:04:38.772 [info] > git diff --name-status -z --diff-filter=ADMR --find-renames=50% 2216b15a11acba5932c41d7c0748f13daa365ed6...refs/remotes/origin/master -- [2ms]
2025-11-24 22:04:38.772 [info] > git for-each-ref --sort -committerdate --format %(refname)%00%(objectname)%00%(*objectname) [4ms]
2025-11-24 22:04:39.676 [info] > git check-ignore -v -z --stdin [7ms]
2025-11-24 22:04:39.676 [info] > git check-ignore -v -z --stdin [6ms]
2025-11-24 22:04:39.760 [info] > git status -z -uall [993ms] (cancelled)
2025-11-24 22:04:40.702 [info] > git ls-files --stage -- .gitignore [1ms]
2025-11-24 22:04:40.726 [info] > git show --textconv :.gitignore [27ms]
2025-11-24 22:04:40.726 [info] > git cat-file -s d2c5d26e328ca14e8534494008a2275a28a42203 [22ms]
2025-11-24 22:04:46.520 [info] > git blame --root --incremental 2216b15a11acba5932c41d7c0748f13daa365ed6 -- .gitignore [143ms]
2025-11-24 22:04:50.486 [info] > git check-ignore -v -z --stdin [7ms]
2025-11-24 22:04:50.486 [info] > git check-ignore -v -z --stdin [4ms]
2025-11-24 22:04:50.488 [info] > git check-ignore -v -z --stdin [3ms]
2025-11-24 22:04:50.489 [info] > git check-ignore -v -z --stdin [5ms]
2025-11-24 22:04:53.567 [info] > git config --get commit.template [2ms]
2025-11-24 22:04:53.570 [info] > git config --get commit.template [4ms]
2025-11-24 22:04:53.570 [info] > git for-each-ref --format=%(refname)%00%(upstream:short)%00%(objectname)%00%(upstream:track)%00%(upstream:remotename)%00%(upstream:remoteref) refs/heads/main refs/remotes/main [2ms]
2025-11-24 22:04:53.570 [info] > git for-each-ref --format=%(refname)%00%(upstream:short)%00%(objectname)%00%(upstream:track)%00%(upstream:remotename)%00%(upstream:remoteref) refs/heads/main refs/remotes/main [1ms]
2025-11-24 22:04:53.574 [info] > git status -z -uall [2ms]
2025-11-24 22:04:53.578 [info] > git for-each-ref --sort -committerdate --format %(refname)%00%(objectname)%00%(*objectname) [4ms]
2025-11-24 22:04:53.591 [info] > git status -z -uall [15ms]
2025-11-24 22:04:53.591 [info] > git for-each-ref --sort -committerdate --format %(refname)%00%(objectname)%00%(*objectname) [14ms]
2025-11-24 22:04:58.470 [info] > git check-ignore -v -z --stdin [8ms]
2025-11-24 22:05:02.684 [info] > git config --get commit.template [6ms]
2025-11-24 22:05:02.694 [info] > git config --get commit.template [11ms]
2025-11-24 22:05:02.695 [info] > git for-each-ref --format=%(refname)%00%(upstream:short)%00%(objectname)%00%(upstream:track)%00%(upstream:remotename)%00%(upstream:remoteref) refs/heads/main refs/remotes/main [7ms]
2025-11-24 22:05:02.704 [info] > git for-each-ref --format=%(refname)%00%(upstream:short)%00%(objectname)%00%(upstream:track)%00%(upstream:remotename)%00%(upstream:remoteref) refs/heads/main refs/remotes/main [11ms]
2025-11-24 22:05:02.705 [info] > git status -z -uall [4ms]
2025-11-24 22:05:02.705 [info] > git for-each-ref --sort -committerdate --format %(refname)%00%(objectname)%00%(*objectname) [1ms]
2025-11-24 22:05:02.721 [info] > git status -z -uall [3ms]
2025-11-24 22:05:02.722 [info] > git for-each-ref --sort -committerdate --format %(refname)%00%(objectname)%00%(*objectname) [1ms]
2025-11-24 22:05:14.732 [info] > git show --textconv :.gitignore [6ms]
2025-11-24 22:05:14.735 [info] > git hash-object -t tree /dev/null [1ms]
2025-11-24 22:05:14.735 [warning] [GitFileSystemProvider][readFile] File not found - git:/workspaces/docker/code-server/.gitignore.git?%7B%22path%22%3A%22%2Fworkspaces%2Fdocker%2Fcode-server%2F.gitignore%22%2C%22ref%22%3A%22%22%7D
2025-11-24 22:05:14.736 [info] > git ls-files --stage -- .gitignore [7ms]
2025-11-24 22:05:14.736 [warning] [GitFileSystemProvider][stat] File not found - git:/workspaces/docker/code-server/.gitignore.git?%7B%22path%22%3A%22%2Fworkspaces%2Fdocker%2Fcode-server%2F.gitignore%22%2C%22ref%22%3A%22%22%7D
2025-11-24 22:05:14.852 [info] > git check-ignore -v -z --stdin [14ms]
2025-11-24 22:05:17.247 [info] > git blame --root --incremental fbbc49f34908d736ed1849039c3a5d9f4bd799f3 -- .gitignore [3ms]
2025-11-24 22:05:17.247 [info] fatal: bad object fbbc49f34908d736ed1849039c3a5d9f4bd799f3
2025-11-24 22:05:18.779 [info] > git check-ignore -v -z --stdin [12ms]
2025-11-24 22:05:18.780 [info] > git check-ignore -v -z --stdin [2ms]
2025-11-24 22:05:18.780 [info] > git check-ignore -v -z --stdin [5ms]
2025-11-24 22:05:18.780 [info] > git check-ignore -v -z --stdin [2ms]
2025-11-24 22:05:18.781 [info] > git check-ignore -v -z --stdin [10ms]
2025-11-24 22:05:23.571 [info] > git config --get commit.template [1ms]
2025-11-24 22:05:23.574 [info] > git config --get commit.template [3ms]
2025-11-24 22:05:23.574 [info] > git for-each-ref --format=%(refname)%00%(upstream:short)%00%(objectname)%00%(upstream:track)%00%(upstream:remotename)%00%(upstream:remoteref) refs/heads/main refs/remotes/main [1ms]
2025-11-24 22:05:23.577 [info] > git for-each-ref --format=%(refname)%00%(upstream:short)%00%(objectname)%00%(upstream:track)%00%(upstream:remotename)%00%(upstream:remoteref) refs/heads/main refs/remotes/main [3ms]
2025-11-24 22:05:23.578 [info] > git status -z -uall [2ms]
2025-11-24 22:05:23.578 [info] > git for-each-ref --sort -committerdate --format %(refname)%00%(objectname)%00%(*objectname) [1ms]
2025-11-24 22:05:23.598 [info] > git status -z -uall [2ms]
2025-11-24 22:05:23.598 [info] > git for-each-ref --sort -committerdate --format %(refname)%00%(objectname)%00%(*objectname) [1ms]
2025-11-24 22:05:27.613 [info] > git check-ignore -v -z --stdin [7ms]
2025-11-24 22:05:32.679 [info] > git config --get commit.template [4ms]
2025-11-24 22:05:32.680 [info] > git config --get commit.template [2ms]
2025-11-24 22:05:32.687 [info] > git for-each-ref --format=%(refname)%00%(upstream:short)%00%(objectname)%00%(upstream:track)%00%(upstream:remotename)%00%(upstream:remoteref) refs/heads/main refs/remotes/main [4ms]
2025-11-24 22:05:32.696 [info] > git status -z -uall [5ms]
2025-11-24 22:05:32.696 [info] > git for-each-ref --format=%(refname)%00%(upstream:short)%00%(objectname)%00%(upstream:track)%00%(upstream:remotename)%00%(upstream:remoteref) refs/heads/main refs/remotes/main [10ms]
2025-11-24 22:05:32.696 [info] > git for-each-ref --sort -committerdate --format %(refname)%00%(objectname)%00%(*objectname) [2ms]
2025-11-24 22:05:32.714 [info] > git status -z -uall [2ms]
2025-11-24 22:05:32.714 [info] > git for-each-ref --sort -committerdate --format %(refname)%00%(objectname)%00%(*objectname) [1ms]
2025-11-24 22:05:32.809 [info] > git show --textconv :docker-compose.yml [9ms]
2025-11-24 22:05:32.812 [info] > git ls-files --stage -- docker-compose.yml [8ms]
2025-11-24 22:05:32.814 [info] > git cat-file -s be8a1234a00bad41ab656d23aa14522727e3ddfc [1ms]
2025-11-24 22:05:40.052 [info] > git show --textconv :Dockerfile [14ms]
2025-11-24 22:05:40.060 [info] > git ls-files --stage -- Dockerfile [17ms]
2025-11-24 22:05:40.066 [info] > git cat-file -s 5630c8a503eb884769464999f8a8558f0036c41c [2ms]
2025-11-24 22:05:46.318 [info] > git show --textconv :.gitignore [13ms]
2025-11-24 22:05:46.319 [warning] [GitFileSystemProvider][readFile] File not found - git:/workspaces/docker/code-server/.gitignore.git?%7B%22path%22%3A%22%2Fworkspaces%2Fdocker%2Fcode-server%2F.gitignore%22%2C%22ref%22%3A%22%22%7D
2025-11-24 22:05:46.327 [info] > git ls-files --stage -- .gitignore [18ms]
2025-11-24 22:05:46.329 [warning] [GitFileSystemProvider][stat] File not found - git:/workspaces/docker/code-server/.gitignore.git?%7B%22path%22%3A%22%2Fworkspaces%2Fdocker%2Fcode-server%2F.gitignore%22%2C%22ref%22%3A%22%22%7D
2025-11-24 22:05:53.574 [info] > git config --get commit.template [5ms]
2025-11-24 22:05:53.583 [info] > git config --get commit.template [10ms]
2025-11-24 22:05:53.583 [info] > git for-each-ref --format=%(refname)%00%(upstream:short)%00%(objectname)%00%(upstream:track)%00%(upstream:remotename)%00%(upstream:remoteref) refs/heads/main refs/remotes/main [5ms]
2025-11-24 22:05:53.586 [info] > git for-each-ref --format=%(refname)%00%(upstream:short)%00%(objectname)%00%(upstream:track)%00%(upstream:remotename)%00%(upstream:remoteref) refs/heads/main refs/remotes/main [3ms]
2025-11-24 22:05:53.596 [info] > git status -z -uall [6ms]
2025-11-24 22:05:53.596 [info] > git for-each-ref --sort -committerdate --format %(refname)%00%(objectname)%00%(*objectname) [3ms]
2025-11-24 22:05:53.610 [info] > git status -z -uall [16ms]
2025-11-24 22:05:53.610 [info] > git for-each-ref --sort -committerdate --format %(refname)%00%(objectname)%00%(*objectname) [15ms]
2025-11-24 22:05:59.780 [info] > git check-ignore -v -z --stdin [4ms]
2025-11-24 22:05:59.780 [info] > git check-ignore -v -z --stdin [3ms]
2025-11-24 22:05:59.780 [info] > git check-ignore -v -z --stdin [1ms]
2025-11-24 22:05:59.780 [info] > git check-ignore -v -z --stdin [4ms]
2025-11-24 22:05:59.782 [info] > git check-ignore -v -z --stdin [11ms]
2025-11-24 22:06:02.687 [info] > git config --get commit.template [6ms]
2025-11-24 22:06:02.695 [info] > git config --get commit.template [10ms]
2025-11-24 22:06:02.696 [info] > git for-each-ref --format=%(refname)%00%(upstream:short)%00%(objectname)%00%(upstream:track)%00%(upstream:remotename)%00%(upstream:remoteref) refs/heads/main refs/remotes/main [5ms]
2025-11-24 22:06:02.705 [info] > git for-each-ref --format=%(refname)%00%(upstream:short)%00%(objectname)%00%(upstream:track)%00%(upstream:remotename)%00%(upstream:remoteref) refs/heads/main refs/remotes/main [11ms]
2025-11-24 22:06:02.706 [info] > git status -z -uall [6ms]
2025-11-24 22:06:02.714 [info] > git for-each-ref --sort -committerdate --format %(refname)%00%(objectname)%00%(*objectname) [10ms]
2025-11-24 22:06:02.742 [info] > git status -z -uall [32ms]
2025-11-24 22:06:02.742 [info] > git for-each-ref --sort -committerdate --format %(refname)%00%(objectname)%00%(*objectname) [29ms]
2025-11-24 22:06:23.629 [info] > git config --get commit.template [2ms]
2025-11-24 22:06:23.629 [info] > git config --get commit.template [0ms]
2025-11-24 22:06:23.632 [info] > git for-each-ref --format=%(refname)%00%(upstream:short)%00%(objectname)%00%(upstream:track)%00%(upstream:remotename)%00%(upstream:remoteref) refs/heads/main refs/remotes/main [1ms]
2025-11-24 22:06:23.635 [info] > git for-each-ref --format=%(refname)%00%(upstream:short)%00%(objectname)%00%(upstream:track)%00%(upstream:remotename)%00%(upstream:remoteref) refs/heads/main refs/remotes/main [3ms]
2025-11-24 22:06:23.635 [info] > git status -z -uall [2ms]
2025-11-24 22:06:23.636 [info] > git for-each-ref --sort -committerdate --format %(refname)%00%(objectname)%00%(*objectname) [1ms]
2025-11-24 22:06:23.656 [info] > git status -z -uall [2ms]
2025-11-24 22:06:23.656 [info] > git for-each-ref --sort -committerdate --format %(refname)%00%(objectname)%00%(*objectname) [1ms]
2025-11-24 22:06:32.679 [info] > git config --get commit.template [2ms]
2025-11-24 22:06:32.682 [info] > git config --get commit.template [3ms]
2025-11-24 22:06:32.682 [info] > git for-each-ref --format=%(refname)%00%(upstream:short)%00%(objectname)%00%(upstream:track)%00%(upstream:remotename)%00%(upstream:remoteref) refs/heads/main refs/remotes/main [2ms]
2025-11-24 22:06:32.686 [info] > git status -z -uall [1ms]
2025-11-24 22:06:32.686 [info] > git for-each-ref --format=%(refname)%00%(upstream:short)%00%(objectname)%00%(upstream:track)%00%(upstream:remotename)%00%(upstream:remoteref) refs/heads/main refs/remotes/main [4ms]
2025-11-24 22:06:32.686 [info] > git for-each-ref --sort -committerdate --format %(refname)%00%(objectname)%00%(*objectname) [1ms]
2025-11-24 22:06:32.706 [info] > git status -z -uall [2ms]
2025-11-24 22:06:32.706 [info] > git for-each-ref --sort -committerdate --format %(refname)%00%(objectname)%00%(*objectname) [1ms]
2025-11-24 22:06:50.351 [info] > git check-ignore -v -z --stdin [5ms]
2025-11-24 22:06:50.351 [info] > git check-ignore -v -z --stdin [2ms]
2025-11-24 22:06:50.351 [info] > git check-ignore -v -z --stdin [3ms]
2025-11-24 22:06:50.352 [info] > git check-ignore -v -z --stdin [2ms]
2025-11-24 22:06:50.352 [info] > git check-ignore -v -z --stdin [10ms]
2025-11-24 22:06:53.577 [info] > git config --get commit.template [6ms]
2025-11-24 22:06:53.585 [info] > git config --get commit.template [10ms]
2025-11-24 22:06:53.586 [info] > git for-each-ref --format=%(refname)%00%(upstream:short)%00%(objectname)%00%(upstream:track)%00%(upstream:remotename)%00%(upstream:remoteref) refs/heads/main refs/remotes/main [6ms]
2025-11-24 22:06:53.587 [info] > git for-each-ref --format=%(refname)%00%(upstream:short)%00%(objectname)%00%(upstream:track)%00%(upstream:remotename)%00%(upstream:remoteref) refs/heads/main refs/remotes/main [3ms]
2025-11-24 22:06:53.593 [info] > git status -z -uall [5ms]
2025-11-24 22:06:53.593 [info] > git for-each-ref --sort -committerdate --format %(refname)%00%(objectname)%00%(*objectname) [3ms]
2025-11-24 22:06:53.607 [info] > git status -z -uall [16ms]
2025-11-24 22:06:53.607 [info] > git for-each-ref --sort -committerdate --format %(refname)%00%(objectname)%00%(*objectname) [14ms]
2025-11-24 22:06:57.609 [info] > git check-ignore -v -z --stdin [5ms]
2025-11-24 22:06:57.610 [info] > git check-ignore -v -z --stdin [5ms]
2025-11-24 22:06:57.610 [info] > git check-ignore -v -z --stdin [3ms]
2025-11-24 22:06:57.610 [info] > git check-ignore -v -z --stdin [2ms]
2025-11-24 22:06:57.610 [info] > git check-ignore -v -z --stdin [10ms]
2025-11-24 22:06:59.250 [info] > git check-ignore -v -z --stdin [10ms]
2025-11-24 22:06:59.251 [info] > git check-ignore -v -z --stdin [3ms]
2025-11-24 22:06:59.251 [info] > git check-ignore -v -z --stdin [1ms]
2025-11-24 22:06:59.251 [info] > git check-ignore -v -z --stdin [6ms]
2025-11-24 22:06:59.254 [info] > git check-ignore -v -z --stdin [18ms]
2025-11-24 22:07:02.685 [info] > git config --get commit.template [6ms]
2025-11-24 22:07:02.693 [info] > git config --get commit.template [9ms]
2025-11-24 22:07:02.694 [info] > git for-each-ref --format=%(refname)%00%(upstream:short)%00%(objectname)%00%(upstream:track)%00%(upstream:remotename)%00%(upstream:remoteref) refs/heads/main refs/remotes/main [6ms]
2025-11-24 22:07:02.698 [info] > git for-each-ref --format=%(refname)%00%(upstream:short)%00%(objectname)%00%(upstream:track)%00%(upstream:remotename)%00%(upstream:remoteref) refs/heads/main refs/remotes/main [6ms]
2025-11-24 22:07:02.698 [info] > git status -z -uall [2ms]
2025-11-24 22:07:02.701 [info] > git for-each-ref --sort -committerdate --format %(refname)%00%(objectname)%00%(*objectname) [4ms]
2025-11-24 22:07:02.716 [info] > git status -z -uall [17ms]
2025-11-24 22:07:02.716 [info] > git for-each-ref --sort -committerdate --format %(refname)%00%(objectname)%00%(*objectname) [15ms]
2025-11-24 22:07:05.182 [info] > git check-ignore -v -z --stdin [5ms]
2025-11-24 22:07:05.183 [info] > git check-ignore -v -z --stdin [3ms]
2025-11-24 22:07:05.183 [info] > git check-ignore -v -z --stdin [1ms]
2025-11-24 22:07:05.183 [info] > git check-ignore -v -z --stdin [4ms]
2025-11-24 22:07:05.184 [info] > git check-ignore -v -z --stdin [10ms]
2025-11-24 22:07:20.732 [info] > git check-ignore -v -z --stdin [5ms]
2025-11-24 22:07:20.732 [info] > git check-ignore -v -z --stdin [4ms]
2025-11-24 22:07:20.733 [info] > git check-ignore -v -z --stdin [4ms]
2025-11-24 22:07:20.733 [info] > git check-ignore -v -z --stdin [2ms]
2025-11-24 22:07:20.734 [info] > git check-ignore -v -z --stdin [11ms]
2025-11-24 22:07:23.571 [info] > git config --get commit.template [2ms]
2025-11-24 22:07:23.571 [info] > git config --get commit.template [1ms]
2025-11-24 22:07:23.574 [info] > git for-each-ref --format=%(refname)%00%(upstream:short)%00%(objectname)%00%(upstream:track)%00%(upstream:remotename)%00%(upstream:remoteref) refs/heads/main refs/remotes/main [2ms]
2025-11-24 22:07:23.577 [info] > git for-each-ref --format=%(refname)%00%(upstream:short)%00%(objectname)%00%(upstream:track)%00%(upstream:remotename)%00%(upstream:remoteref) refs/heads/main refs/remotes/main [3ms]
2025-11-24 22:07:23.577 [info] > git status -z -uall [2ms]
2025-11-24 22:07:23.581 [info] > git for-each-ref --sort -committerdate --format %(refname)%00%(objectname)%00%(*objectname) [4ms]
2025-11-24 22:07:23.597 [info] > git status -z -uall [18ms]
2025-11-24 22:07:23.597 [info] > git for-each-ref --sort -committerdate --format %(refname)%00%(objectname)%00%(*objectname) [16ms]
2025-11-24 22:07:25.382 [info] > git check-ignore -v -z --stdin [15ms]
2025-11-24 22:07:25.383 [info] > git check-ignore -v -z --stdin [12ms]
2025-11-24 22:07:25.384 [info] > git check-ignore -v -z --stdin [9ms]
2025-11-24 22:07:25.384 [info] > git check-ignore -v -z --stdin [6ms]
2025-11-24 22:07:25.385 [info] > git check-ignore -v -z --stdin [22ms]
2025-11-24 22:07:27.459 [info] > git check-ignore -v -z --stdin [4ms]
2025-11-24 22:07:27.460 [info] > git check-ignore -v -z --stdin [3ms]
2025-11-24 22:07:27.460 [info] > git check-ignore -v -z --stdin [1ms]
2025-11-24 22:07:27.460 [info] > git check-ignore -v -z --stdin [4ms]
2025-11-24 22:07:27.461 [info] > git check-ignore -v -z --stdin [10ms]
2025-11-24 22:07:28.594 [info] > git check-ignore -v -z --stdin [5ms]
2025-11-24 22:07:28.594 [info] > git check-ignore -v -z --stdin [4ms]
2025-11-24 22:07:28.594 [info] > git check-ignore -v -z --stdin [3ms]
2025-11-24 22:07:28.594 [info] > git check-ignore -v -z --stdin [2ms]
2025-11-24 22:07:28.595 [info] > git check-ignore -v -z --stdin [10ms]
2025-11-24 22:07:32.683 [info] > git config --get commit.template [6ms]
2025-11-24 22:07:32.687 [info] > git config --get commit.template [6ms]
2025-11-24 22:07:32.692 [info] > git for-each-ref --format=%(refname)%00%(upstream:short)%00%(objectname)%00%(upstream:track)%00%(upstream:remotename)%00%(upstream:remoteref) refs/heads/main refs/remotes/main [6ms]
2025-11-24 22:07:32.700 [info] > git for-each-ref --format=%(refname)%00%(upstream:short)%00%(objectname)%00%(upstream:track)%00%(upstream:remotename)%00%(upstream:remoteref) refs/heads/main refs/remotes/main [9ms]
2025-11-24 22:07:32.703 [info] > git status -z -uall [7ms]
2025-11-24 22:07:32.703 [info] > git for-each-ref --sort -committerdate --format %(refname)%00%(objectname)%00%(*objectname) [4ms]
2025-11-24 22:07:32.717 [info] > git status -z -uall [16ms]
2025-11-24 22:07:32.717 [info] > git for-each-ref --sort -committerdate --format %(refname)%00%(objectname)%00%(*objectname) [15ms]
2025-11-24 22:07:34.471 [info] > git check-ignore -v -z --stdin [8ms]
2025-11-24 22:07:36.209 [info] > git check-ignore -v -z --stdin [9ms]
2025-11-24 22:07:37.728 [info] > git config --get commit.template [5ms]
2025-11-24 22:07:37.733 [info] > git for-each-ref --format=%(refname)%00%(upstream:short)%00%(objectname)%00%(upstream:track)%00%(upstream:remotename)%00%(upstream:remoteref) refs/heads/main refs/remotes/main [5ms]
2025-11-24 22:07:37.734 [info] > git config --get commit.template [2ms]
2025-11-24 22:07:37.737 [info] > git for-each-ref --format=%(refname)%00%(upstream:short)%00%(objectname)%00%(upstream:track)%00%(upstream:remotename)%00%(upstream:remoteref) refs/heads/main refs/remotes/main [3ms]
2025-11-24 22:07:37.737 [info] > git status -z -uall [2ms]
2025-11-24 22:07:37.740 [info] > git for-each-ref --sort -committerdate --format %(refname)%00%(objectname)%00%(*objectname) [3ms]
2025-11-24 22:07:37.755 [info] > git status -z -uall [16ms]
2025-11-24 22:07:37.755 [info] > git for-each-ref --sort -committerdate --format %(refname)%00%(objectname)%00%(*objectname) [15ms]
2025-11-24 22:07:39.181 [info] > git check-ignore -v -z --stdin [13ms]
2025-11-24 22:07:53.571 [info] > git config --get commit.template [0ms]
2025-11-24 22:07:53.572 [info] > git config --get commit.template [3ms]
2025-11-24 22:07:53.574 [info] > git for-each-ref --format=%(refname)%00%(upstream:short)%00%(objectname)%00%(upstream:track)%00%(upstream:remotename)%00%(upstream:remoteref) refs/heads/main refs/remotes/main [1ms]
2025-11-24 22:07:53.577 [info] > git for-each-ref --format=%(refname)%00%(upstream:short)%00%(objectname)%00%(upstream:track)%00%(upstream:remotename)%00%(upstream:remoteref) refs/heads/main refs/remotes/main [3ms]
2025-11-24 22:07:53.581 [info] > git status -z -uall [6ms]
2025-11-24 22:07:53.581 [info] > git status -z -uall [2ms]
2025-11-24 22:07:53.581 [info] > git for-each-ref --sort -committerdate --format %(refname)%00%(objectname)%00%(*objectname) [4ms]
2025-11-24 22:07:53.596 [info] > git for-each-ref --sort -committerdate --format %(refname)%00%(objectname)%00%(*objectname) [16ms]
2025-11-24 22:11:06.291 [info] > git config --get commit.template [1ms]
2025-11-24 22:11:06.292 [info] > git config --get commit.template [1ms]
2025-11-24 22:11:06.295 [info] > git for-each-ref --format=%(refname)%00%(upstream:short)%00%(objectname)%00%(upstream:track)%00%(upstream:remotename)%00%(upstream:remoteref) refs/heads/main refs/remotes/main [2ms]
2025-11-24 22:11:06.296 [info] > git for-each-ref --format=%(refname)%00%(upstream:short)%00%(objectname)%00%(upstream:track)%00%(upstream:remotename)%00%(upstream:remoteref) refs/heads/main refs/remotes/main [1ms]
2025-11-24 22:11:06.301 [info] > git status -z -uall [4ms]
2025-11-24 22:11:06.302 [info] > git for-each-ref --sort -committerdate --format %(refname)%00%(objectname)%00%(*objectname) [3ms]
2025-11-24 22:11:06.317 [info] > git status -z -uall [17ms]
2025-11-24 22:11:06.317 [info] > git for-each-ref --sort -committerdate --format %(refname)%00%(objectname)%00%(*objectname) [16ms]
2025-11-24 22:11:11.329 [info] > git config --get commit.template [6ms]
2025-11-24 22:11:11.337 [info] > git for-each-ref --format=%(refname)%00%(upstream:short)%00%(objectname)%00%(upstream:track)%00%(upstream:remotename)%00%(upstream:remoteref) refs/heads/main refs/remotes/main [8ms]
2025-11-24 22:11:11.342 [info] > git config --get commit.template [6ms]
2025-11-24 22:11:11.349 [info] > git for-each-ref --format=%(refname)%00%(upstream:short)%00%(objectname)%00%(upstream:track)%00%(upstream:remotename)%00%(upstream:remoteref) refs/heads/main refs/remotes/main [9ms]
2025-11-24 22:11:11.350 [info] > git status -z -uall [4ms]
2025-11-24 22:11:11.353 [info] > git for-each-ref --sort -committerdate --format %(refname)%00%(objectname)%00%(*objectname) [4ms]
2025-11-24 22:11:11.367 [info] > git status -z -uall [15ms]
2025-11-24 22:11:11.367 [info] > git for-each-ref --sort -committerdate --format %(refname)%00%(objectname)%00%(*objectname) [14ms]
2025-11-24 22:11:23.577 [info] > git config --get commit.template [5ms]
2025-11-24 22:11:23.584 [info] > git config --get commit.template [9ms]
2025-11-24 22:11:23.585 [info] > git for-each-ref --format=%(refname)%00%(upstream:short)%00%(objectname)%00%(upstream:track)%00%(upstream:remotename)%00%(upstream:remoteref) refs/heads/main refs/remotes/main [5ms]
2025-11-24 22:11:23.587 [info] > git for-each-ref --format=%(refname)%00%(upstream:short)%00%(objectname)%00%(upstream:track)%00%(upstream:remotename)%00%(upstream:remoteref) refs/heads/main refs/remotes/main [4ms]
2025-11-24 22:11:23.602 [info] > git status -z -uall [12ms]
2025-11-24 22:11:23.603 [info] > git for-each-ref --sort -committerdate --format %(refname)%00%(objectname)%00%(*objectname) [9ms]
2025-11-24 22:11:23.632 [info] > git status -z -uall [33ms]
2025-11-24 22:11:23.632 [info] > git for-each-ref --sort -committerdate --format %(refname)%00%(objectname)%00%(*objectname) [30ms]
2025-11-24 22:11:23.989 [info] > git check-ignore -v -z --stdin [3ms]
2025-11-24 22:11:23.990 [info] > git check-ignore -v -z --stdin [3ms]
2025-11-24 22:11:23.990 [info] > git check-ignore -v -z --stdin [2ms]
2025-11-24 22:11:23.990 [info] > git check-ignore -v -z --stdin [6ms]
2025-11-24 22:11:23.990 [info] > git check-ignore -v -z --stdin [9ms]
2025-11-24 22:11:25.532 [info] > git check-ignore -v -z --stdin [5ms]
2025-11-24 22:11:25.532 [info] > git check-ignore -v -z --stdin [5ms]
2025-11-24 22:11:25.532 [info] > git check-ignore -v -z --stdin [3ms]
2025-11-24 22:11:25.532 [info] > git check-ignore -v -z --stdin [2ms]
2025-11-24 22:11:25.534 [info] > git check-ignore -v -z --stdin [11ms]
2025-11-24 22:11:30.708 [info] > git check-ignore -v -z --stdin [3ms]
2025-11-24 22:11:30.708 [info] > git check-ignore -v -z --stdin [2ms]
2025-11-24 22:11:30.708 [info] > git check-ignore -v -z --stdin [1ms]
2025-11-24 22:11:30.709 [info] > git check-ignore -v -z --stdin [6ms]
2025-11-24 22:11:30.710 [info] > git check-ignore -v -z --stdin [10ms]
2025-11-24 22:11:32.509 [info] > git check-ignore -v -z --stdin [4ms]
2025-11-24 22:11:32.509 [info] > git check-ignore -v -z --stdin [2ms]
2025-11-24 22:11:32.509 [info] > git check-ignore -v -z --stdin [5ms]
2025-11-24 22:11:32.510 [info] > git check-ignore -v -z --stdin [2ms]
2025-11-24 22:11:32.511 [info] > git check-ignore -v -z --stdin [9ms]
2025-11-24 22:11:32.667 [info] > git config --get commit.template [5ms]
2025-11-24 22:11:32.669 [info] > git for-each-ref --format=%(refname)%00%(upstream:short)%00%(objectname)%00%(upstream:track)%00%(upstream:remotename)%00%(upstream:remoteref) refs/heads/main refs/remotes/main [3ms]
2025-11-24 22:11:32.679 [info] > git status -z -uall [6ms]
2025-11-24 22:11:32.681 [info] > git for-each-ref --sort -committerdate --format %(refname)%00%(objectname)%00%(*objectname) [4ms]
2025-11-24 22:11:32.717 [info] > git config --get commit.template [2ms]
2025-11-24 22:11:32.718 [info] > git for-each-ref --format=%(refname)%00%(upstream:short)%00%(objectname)%00%(upstream:track)%00%(upstream:remotename)%00%(upstream:remoteref) refs/heads/main refs/remotes/main [1ms]
2025-11-24 22:11:32.722 [info] > git status -z -uall [2ms]
2025-11-24 22:11:32.723 [info] > git for-each-ref --sort -committerdate --format %(refname)%00%(objectname)%00%(*objectname) [2ms]
2025-11-24 22:11:41.856 [info] > git check-ignore -v -z --stdin [4ms]
2025-11-24 22:11:41.856 [info] > git check-ignore -v -z --stdin [2ms]
2025-11-24 22:11:41.856 [info] > git check-ignore -v -z --stdin [1ms]
2025-11-24 22:11:41.856 [info] > git check-ignore -v -z --stdin [9ms]
2025-11-24 22:11:41.857 [info] > git check-ignore -v -z --stdin [6ms]
2025-11-24 22:11:45.554 [info] > git check-ignore -v -z --stdin [4ms]
2025-11-24 22:11:45.554 [info] > git check-ignore -v -z --stdin [3ms]
2025-11-24 22:11:45.554 [info] > git check-ignore -v -z --stdin [1ms]
2025-11-24 22:11:45.554 [info] > git check-ignore -v -z --stdin [6ms]
2025-11-24 22:11:45.555 [info] > git check-ignore -v -z --stdin [8ms]
2025-11-24 22:11:47.241 [info] > git check-ignore -v -z --stdin [4ms]
2025-11-24 22:11:47.241 [info] > git check-ignore -v -z --stdin [2ms]
2025-11-24 22:11:47.241 [info] > git check-ignore -v -z --stdin [1ms]
2025-11-24 22:11:47.241 [info] > git check-ignore -v -z --stdin [5ms]
2025-11-24 22:11:47.242 [info] > git check-ignore -v -z --stdin [8ms]
2025-11-24 22:11:51.259 [info] > git check-ignore -v -z --stdin [4ms]
2025-11-24 22:11:51.259 [info] > git check-ignore -v -z --stdin [3ms]
2025-11-24 22:11:51.259 [info] > git check-ignore -v -z --stdin [1ms]
2025-11-24 22:11:51.259 [info] > git check-ignore -v -z --stdin [9ms]
2025-11-24 22:11:51.259 [info] > git check-ignore -v -z --stdin [6ms]
2025-11-24 22:11:53.096 [info] > git check-ignore -v -z --stdin [4ms]
2025-11-24 22:11:53.096 [info] > git check-ignore -v -z --stdin [3ms]
2025-11-24 22:11:53.096 [info] > git check-ignore -v -z --stdin [1ms]
2025-11-24 22:11:53.096 [info] > git check-ignore -v -z --stdin [6ms]
2025-11-24 22:11:53.098 [info] > git check-ignore -v -z --stdin [11ms]
2025-11-24 22:11:53.671 [info] > git config --get commit.template [5ms]
2025-11-24 22:11:53.673 [info] > git config --get commit.template [3ms]
2025-11-24 22:11:53.677 [info] > git for-each-ref --format=%(refname)%00%(upstream:short)%00%(objectname)%00%(upstream:track)%00%(upstream:remotename)%00%(upstream:remoteref) refs/heads/main refs/remotes/main [1ms]
2025-11-24 22:11:53.680 [info] > git for-each-ref --format=%(refname)%00%(upstream:short)%00%(objectname)%00%(upstream:track)%00%(upstream:remotename)%00%(upstream:remoteref) refs/heads/main refs/remotes/main [3ms]
2025-11-24 22:11:53.683 [info] > git status -z -uall [4ms]
2025-11-24 22:11:53.684 [info] > git for-each-ref --sort -committerdate --format %(refname)%00%(objectname)%00%(*objectname) [4ms]
2025-11-24 22:11:53.697 [info] > git status -z -uall [15ms]
2025-11-24 22:11:53.698 [info] > git for-each-ref --sort -committerdate --format %(refname)%00%(objectname)%00%(*objectname) [15ms]
2025-11-24 22:11:54.310 [info] > git check-ignore -v -z --stdin [4ms]
2025-11-24 22:11:54.310 [info] > git check-ignore -v -z --stdin [2ms]
2025-11-24 22:11:54.310 [info] > git check-ignore -v -z --stdin [1ms]
2025-11-24 22:11:54.310 [info] > git check-ignore -v -z --stdin [9ms]
2025-11-24 22:11:54.311 [info] > git check-ignore -v -z --stdin [6ms]
2025-11-24 22:11:57.909 [info] > git check-ignore -v -z --stdin [6ms]
2025-11-24 22:11:57.909 [info] > git check-ignore -v -z --stdin [4ms]
2025-11-24 22:11:57.909 [info] > git check-ignore -v -z --stdin [3ms]
2025-11-24 22:11:57.909 [info] > git check-ignore -v -z --stdin [2ms]
2025-11-24 22:11:57.910 [info] > git check-ignore -v -z --stdin [10ms]
2025-11-24 22:12:02.687 [info] > git config --get commit.template [5ms]
2025-11-24 22:12:02.695 [info] > git config --get commit.template [10ms]
2025-11-24 22:12:02.696 [info] > git for-each-ref --format=%(refname)%00%(upstream:short)%00%(objectname)%00%(upstream:track)%00%(upstream:remotename)%00%(upstream:remoteref) refs/heads/main refs/remotes/main [5ms]
2025-11-24 22:12:02.704 [info] > git for-each-ref --format=%(refname)%00%(upstream:short)%00%(objectname)%00%(upstream:track)%00%(upstream:remotename)%00%(upstream:remoteref) refs/heads/main refs/remotes/main [10ms]
2025-11-24 22:12:02.704 [info] > git status -z -uall [4ms]
2025-11-24 22:12:02.705 [info] > git for-each-ref --sort -committerdate --format %(refname)%00%(objectname)%00%(*objectname) [2ms]
2025-11-24 22:12:02.722 [info] > git status -z -uall [2ms]
2025-11-24 22:12:02.722 [info] > git for-each-ref --sort -committerdate --format %(refname)%00%(objectname)%00%(*objectname) [1ms]
2025-11-24 22:12:03.848 [info] > git check-ignore -v -z --stdin [3ms]
2025-11-24 22:12:03.848 [info] > git check-ignore -v -z --stdin [2ms]
2025-11-24 22:12:03.848 [info] > git check-ignore -v -z --stdin [7ms]
2025-11-24 22:12:03.849 [info] > git check-ignore -v -z --stdin [2ms]
2025-11-24 22:12:03.850 [info] > git check-ignore -v -z --stdin [13ms]
2025-11-24 22:12:06.824 [info] > git check-ignore -v -z --stdin [4ms]
2025-11-24 22:12:06.824 [info] > git check-ignore -v -z --stdin [2ms]
2025-11-24 22:12:06.824 [info] > git check-ignore -v -z --stdin [1ms]
2025-11-24 22:12:06.825 [info] > git check-ignore -v -z --stdin [10ms]
2025-11-24 22:12:06.825 [info] > git check-ignore -v -z --stdin [7ms]
2025-11-24 22:12:08.979 [info] > git check-ignore -v -z --stdin [3ms]
2025-11-24 22:12:08.980 [info] > git check-ignore -v -z --stdin [3ms]
2025-11-24 22:12:08.980 [info] > git check-ignore -v -z --stdin [1ms]
2025-11-24 22:12:08.980 [info] > git check-ignore -v -z --stdin [5ms]
2025-11-24 22:12:08.980 [info] > git check-ignore -v -z --stdin [9ms]
2025-11-24 22:12:13.152 [info] > git check-ignore -v -z --stdin [5ms]
2025-11-24 22:12:13.152 [info] > git check-ignore -v -z --stdin [4ms]
2025-11-24 22:12:13.152 [info] > git check-ignore -v -z --stdin [3ms]
2025-11-24 22:12:13.152 [info] > git check-ignore -v -z --stdin [2ms]
2025-11-24 22:12:13.153 [info] > git check-ignore -v -z --stdin [10ms]
2025-11-24 22:12:16.330 [info] > git check-ignore -v -z --stdin [3ms]
2025-11-24 22:12:16.331 [info] > git check-ignore -v -z --stdin [3ms]
2025-11-24 22:12:16.331 [info] > git check-ignore -v -z --stdin [1ms]
2025-11-24 22:12:16.331 [info] > git check-ignore -v -z --stdin [5ms]
2025-11-24 22:12:16.332 [info] > git check-ignore -v -z --stdin [10ms]
2025-11-24 22:12:18.698 [info] > git show --textconv :README.md [7ms]
2025-11-24 22:12:18.700 [info] > git ls-files --stage -- README.md [5ms]
2025-11-24 22:12:18.702 [info] > git cat-file -s bb4686f13be1d5fd886221e0ebd6527cf5d5bc6e [0ms]
2025-11-24 22:12:23.578 [info] > git config --get commit.template [6ms]
2025-11-24 22:12:23.587 [info] > git config --get commit.template [10ms]
2025-11-24 22:12:23.588 [info] > git for-each-ref --format=%(refname)%00%(upstream:short)%00%(objectname)%00%(upstream:track)%00%(upstream:remotename)%00%(upstream:remoteref) refs/heads/main refs/remotes/main [6ms]
2025-11-24 22:12:23.596 [info] > git for-each-ref --format=%(refname)%00%(upstream:short)%00%(objectname)%00%(upstream:track)%00%(upstream:remotename)%00%(upstream:remoteref) refs/heads/main refs/remotes/main [10ms]
2025-11-24 22:12:23.599 [info] > git status -z -uall [7ms]
2025-11-24 22:12:23.599 [info] > git for-each-ref --sort -committerdate --format %(refname)%00%(objectname)%00%(*objectname) [4ms]
2025-11-24 22:12:23.600 [info] > git status -z -uall [3ms]
2025-11-24 22:12:23.600 [info] > git for-each-ref --sort -committerdate --format %(refname)%00%(objectname)%00%(*objectname) [1ms]
2025-11-24 22:12:30.580 [info] > git show --textconv :Dockerfile-back [7ms]
2025-11-24 22:12:30.580 [warning] [GitFileSystemProvider][readFile] File not found - git:/workspaces/docker/code-server/Dockerfile-back.git?%7B%22path%22%3A%22%2Fworkspaces%2Fdocker%2Fcode-server%2FDockerfile-back%22%2C%22ref%22%3A%22%22%7D
2025-11-24 22:12:30.583 [info] > git ls-files --stage -- Dockerfile-back [6ms]
2025-11-24 22:12:30.583 [warning] [GitFileSystemProvider][stat] File not found - git:/workspaces/docker/code-server/Dockerfile-back.git?%7B%22path%22%3A%22%2Fworkspaces%2Fdocker%2Fcode-server%2FDockerfile-back%22%2C%22ref%22%3A%22%22%7D
2025-11-24 22:12:30.675 [info] > git check-ignore -v -z --stdin [14ms]
2025-11-24 22:12:30.686 [info] > git blame --root --incremental fbbc49f34908d736ed1849039c3a5d9f4bd799f3 -- Dockerfile-back [2ms]
2025-11-24 22:12:30.686 [info] fatal: bad object fbbc49f34908d736ed1849039c3a5d9f4bd799f3
2025-11-24 22:12:31.563 [info] > git show --textconv :start.sh [7ms]
2025-11-24 22:12:31.565 [info] > git ls-files --stage -- start.sh [5ms]
2025-11-24 22:12:31.568 [info] > git cat-file -s 5069db18ffeefe042d3209f102d60e8a792129f2 [1ms]
2025-11-24 22:12:32.693 [info] > git config --get commit.template [7ms]
2025-11-24 22:12:32.698 [info] > git config --get commit.template [6ms]
2025-11-24 22:12:32.704 [info] > git for-each-ref --format=%(refname)%00%(upstream:short)%00%(objectname)%00%(upstream:track)%00%(upstream:remotename)%00%(upstream:remoteref) refs/heads/main refs/remotes/main [7ms]
2025-11-24 22:12:32.705 [info] > git for-each-ref --format=%(refname)%00%(upstream:short)%00%(objectname)%00%(upstream:track)%00%(upstream:remotename)%00%(upstream:remoteref) refs/heads/main refs/remotes/main [4ms]
2025-11-24 22:12:32.721 [info] > git status -z -uall [12ms]
2025-11-24 22:12:32.721 [info] > git for-each-ref --sort -committerdate --format %(refname)%00%(objectname)%00%(*objectname) [8ms]
2025-11-24 22:12:32.723 [info] > git status -z -uall [6ms]
2025-11-24 22:12:32.723 [info] > git for-each-ref --sort -committerdate --format %(refname)%00%(objectname)%00%(*objectname) [3ms]
2025-11-24 22:12:37.560 [info] > git show --textconv :start-back.sh [7ms]
2025-11-24 22:12:37.560 [warning] [GitFileSystemProvider][readFile] File not found - git:/workspaces/docker/code-server/start-back.sh.git?%7B%22path%22%3A%22%2Fworkspaces%2Fdocker%2Fcode-server%2Fstart-back.sh%22%2C%22ref%22%3A%22%22%7D
2025-11-24 22:12:37.563 [info] > git ls-files --stage -- start-back.sh [6ms]
2025-11-24 22:12:37.563 [warning] [GitFileSystemProvider][stat] File not found - git:/workspaces/docker/code-server/start-back.sh.git?%7B%22path%22%3A%22%2Fworkspaces%2Fdocker%2Fcode-server%2Fstart-back.sh%22%2C%22ref%22%3A%22%22%7D
2025-11-24 22:12:37.656 [info] > git check-ignore -v -z --stdin [7ms]
2025-11-24 22:12:38.753 [info] > git show --textconv :Dockerfile-back [7ms]
2025-11-24 22:12:38.753 [warning] [GitFileSystemProvider][readFile] File not found - git:/workspaces/docker/code-server/Dockerfile-back.git?%7B%22path%22%3A%22%2Fworkspaces%2Fdocker%2Fcode-server%2FDockerfile-back%22%2C%22ref%22%3A%22%22%7D
2025-11-24 22:12:38.755 [info] > git ls-files --stage -- Dockerfile-back [5ms]
2025-11-24 22:12:38.756 [warning] [GitFileSystemProvider][stat] File not found - git:/workspaces/docker/code-server/Dockerfile-back.git?%7B%22path%22%3A%22%2Fworkspaces%2Fdocker%2Fcode-server%2FDockerfile-back%22%2C%22ref%22%3A%22%22%7D
2025-11-24 22:12:40.064 [info] > git show --textconv :Dockerfile [7ms]
2025-11-24 22:12:40.066 [info] > git ls-files --stage -- Dockerfile [5ms]
2025-11-24 22:12:40.069 [info] > git cat-file -s 5630c8a503eb884769464999f8a8558f0036c41c [1ms]
2025-11-24 22:12:41.180 [info] > git show --textconv :docker-compose.yml [8ms]
2025-11-24 22:12:41.182 [info] > git ls-files --stage -- docker-compose.yml [6ms]
2025-11-24 22:12:41.184 [info] > git cat-file -s be8a1234a00bad41ab656d23aa14522727e3ddfc [1ms]
2025-11-24 22:12:53.577 [info] > git config --get commit.template [1ms]
2025-11-24 22:12:53.580 [info] > git config --get commit.template [3ms]
2025-11-24 22:12:53.580 [info] > git for-each-ref --format=%(refname)%00%(upstream:short)%00%(objectname)%00%(upstream:track)%00%(upstream:remotename)%00%(upstream:remoteref) refs/heads/main refs/remotes/main [2ms]
2025-11-24 22:12:53.583 [info] > git for-each-ref --format=%(refname)%00%(upstream:short)%00%(objectname)%00%(upstream:track)%00%(upstream:remotename)%00%(upstream:remoteref) refs/heads/main refs/remotes/main [3ms]
2025-11-24 22:12:53.584 [info] > git status -z -uall [2ms]
2025-11-24 22:12:53.588 [info] > git status -z -uall [3ms]
2025-11-24 22:12:53.588 [info] > git for-each-ref --sort -committerdate --format %(refname)%00%(objectname)%00%(*objectname) [5ms]
2025-11-24 22:12:53.589 [info] > git for-each-ref --sort -committerdate --format %(refname)%00%(objectname)%00%(*objectname) [2ms]
2025-11-24 22:13:02.730 [info] > git config --get commit.template [9ms]
2025-11-24 22:13:02.734 [info] > git config --get commit.template [9ms]
2025-11-24 22:13:02.735 [info] > git for-each-ref --format=%(refname)%00%(upstream:short)%00%(objectname)%00%(upstream:track)%00%(upstream:remotename)%00%(upstream:remoteref) refs/heads/main refs/remotes/main [6ms]
2025-11-24 22:13:02.744 [info] > git for-each-ref --format=%(refname)%00%(upstream:short)%00%(objectname)%00%(upstream:track)%00%(upstream:remotename)%00%(upstream:remoteref) refs/heads/main refs/remotes/main [11ms]
2025-11-24 22:13:02.752 [info] > git status -z -uall [12ms]
2025-11-24 22:13:02.752 [info] > git for-each-ref --sort -committerdate --format %(refname)%00%(objectname)%00%(*objectname) [9ms]
2025-11-24 22:13:02.756 [info] > git status -z -uall [8ms]
2025-11-24 22:13:02.757 [info] > git for-each-ref --sort -committerdate --format %(refname)%00%(objectname)%00%(*objectname) [6ms]
2025-11-24 22:13:12.867 [info] > git show --textconv :Dockerfile [13ms]
2025-11-24 22:13:12.875 [info] > git ls-files --stage -- Dockerfile [17ms]
2025-11-24 22:13:12.881 [info] > git cat-file -s 5630c8a503eb884769464999f8a8558f0036c41c [2ms]
2025-11-24 22:13:13.664 [info] > git show --textconv :Dockerfile-back [6ms]
2025-11-24 22:13:13.664 [warning] [GitFileSystemProvider][readFile] File not found - git:/workspaces/docker/code-server/Dockerfile-back.git?%7B%22path%22%3A%22%2Fworkspaces%2Fdocker%2Fcode-server%2FDockerfile-back%22%2C%22ref%22%3A%22%22%7D
2025-11-24 22:13:13.667 [info] > git ls-files --stage -- Dockerfile-back [6ms]
2025-11-24 22:13:13.667 [warning] [GitFileSystemProvider][stat] File not found - git:/workspaces/docker/code-server/Dockerfile-back.git?%7B%22path%22%3A%22%2Fworkspaces%2Fdocker%2Fcode-server%2FDockerfile-back%22%2C%22ref%22%3A%22%22%7D
2025-11-24 22:13:14.355 [info] > git show --textconv :docker-compose.yml [6ms]
2025-11-24 22:13:14.358 [info] > git ls-files --stage -- docker-compose.yml [6ms]
2025-11-24 22:13:14.360 [info] > git cat-file -s be8a1234a00bad41ab656d23aa14522727e3ddfc [1ms]
2025-11-24 22:13:23.577 [info] > git config --get commit.template [2ms]
2025-11-24 22:13:23.579 [info] > git config --get commit.template [3ms]
2025-11-24 22:13:23.579 [info] > git for-each-ref --format=%(refname)%00%(upstream:short)%00%(objectname)%00%(upstream:track)%00%(upstream:remotename)%00%(upstream:remoteref) refs/heads/main refs/remotes/main [1ms]
2025-11-24 22:13:23.583 [info] > git for-each-ref --format=%(refname)%00%(upstream:short)%00%(objectname)%00%(upstream:track)%00%(upstream:remotename)%00%(upstream:remoteref) refs/heads/main refs/remotes/main [4ms]
2025-11-24 22:13:23.583 [info] > git status -z -uall [2ms]
2025-11-24 22:13:23.587 [info] > git status -z -uall [3ms]
2025-11-24 22:13:23.587 [info] > git for-each-ref --sort -committerdate --format %(refname)%00%(objectname)%00%(*objectname) [5ms]
2025-11-24 22:13:23.588 [info] > git for-each-ref --sort -committerdate --format %(refname)%00%(objectname)%00%(*objectname) [2ms]
2025-11-24 22:13:27.167 [info] > git show --textconv :Dockerfile [6ms]
2025-11-24 22:13:27.170 [info] > git ls-files --stage -- Dockerfile [6ms]
2025-11-24 22:13:27.172 [info] > git cat-file -s 5630c8a503eb884769464999f8a8558f0036c41c [1ms]
2025-11-24 22:13:32.685 [info] > git config --get commit.template [2ms]
2025-11-24 22:13:32.685 [info] > git config --get commit.template [0ms]
2025-11-24 22:13:32.688 [info] > git for-each-ref --format=%(refname)%00%(upstream:short)%00%(objectname)%00%(upstream:track)%00%(upstream:remotename)%00%(upstream:remoteref) refs/heads/main refs/remotes/main [2ms]
2025-11-24 22:13:32.691 [info] > git for-each-ref --format=%(refname)%00%(upstream:short)%00%(objectname)%00%(upstream:track)%00%(upstream:remotename)%00%(upstream:remoteref) refs/heads/main refs/remotes/main [3ms]
2025-11-24 22:13:32.691 [info] > git status -z -uall [2ms]
2025-11-24 22:13:32.695 [info] > git for-each-ref --sort -committerdate --format %(refname)%00%(objectname)%00%(*objectname) [4ms]
2025-11-24 22:13:32.696 [info] > git status -z -uall [3ms]
2025-11-24 22:13:32.696 [info] > git for-each-ref --sort -committerdate --format %(refname)%00%(objectname)%00%(*objectname) [2ms]
2025-11-24 22:13:41.081 [info] > git blame --root --incremental fbbc49f34908d736ed1849039c3a5d9f4bd799f3 -- Dockerfile [3ms]
2025-11-24 22:13:41.081 [info] fatal: bad object fbbc49f34908d736ed1849039c3a5d9f4bd799f3
2025-11-24 22:13:53.580 [info] > git config --get commit.template [7ms]
2025-11-24 22:13:53.581 [info] > git config --get commit.template [2ms]
2025-11-24 22:13:53.591 [info] > git for-each-ref --format=%(refname)%00%(upstream:short)%00%(objectname)%00%(upstream:track)%00%(upstream:remotename)%00%(upstream:remoteref) refs/heads/main refs/remotes/main [6ms]
2025-11-24 22:13:53.600 [info] > git for-each-ref --format=%(refname)%00%(upstream:short)%00%(objectname)%00%(upstream:track)%00%(upstream:remotename)%00%(upstream:remoteref) refs/heads/main refs/remotes/main [10ms]
2025-11-24 22:13:53.601 [info] > git status -z -uall [5ms]
2025-11-24 22:13:53.601 [info] > git for-each-ref --sort -committerdate --format %(refname)%00%(objectname)%00%(*objectname) [1ms]
2025-11-24 22:13:53.606 [info] > git status -z -uall [3ms]
2025-11-24 22:13:53.606 [info] > git for-each-ref --sort -committerdate --format %(refname)%00%(objectname)%00%(*objectname) [1ms]
2025-11-24 22:14:02.692 [info] > git config --get commit.template [3ms]
2025-11-24 22:14:02.692 [info] > git config --get commit.template [7ms]
2025-11-24 22:14:02.697 [info] > git for-each-ref --format=%(refname)%00%(upstream:short)%00%(objectname)%00%(upstream:track)%00%(upstream:remotename)%00%(upstream:remoteref) refs/heads/main refs/remotes/main [2ms]
2025-11-24 22:14:02.700 [info] > git for-each-ref --format=%(refname)%00%(upstream:short)%00%(objectname)%00%(upstream:track)%00%(upstream:remotename)%00%(upstream:remoteref) refs/heads/main refs/remotes/main [4ms]
2025-11-24 22:14:02.700 [info] > git status -z -uall [2ms]
2025-11-24 22:14:02.701 [info] > git for-each-ref --sort -committerdate --format %(refname)%00%(objectname)%00%(*objectname) [1ms]
2025-11-24 22:14:02.705 [info] > git status -z -uall [2ms]
2025-11-24 22:14:02.705 [info] > git for-each-ref --sort -committerdate --format %(refname)%00%(objectname)%00%(*objectname) [1ms]
2025-11-24 22:14:23.578 [info] > git config --get commit.template [6ms]
2025-11-24 22:14:23.579 [info] > git config --get commit.template [3ms]
2025-11-24 22:14:23.587 [info] > git for-each-ref --format=%(refname)%00%(upstream:short)%00%(objectname)%00%(upstream:track)%00%(upstream:remotename)%00%(upstream:remoteref) refs/heads/main refs/remotes/main [4ms]
2025-11-24 22:14:23.591 [info] > git for-each-ref --format=%(refname)%00%(upstream:short)%00%(objectname)%00%(upstream:track)%00%(upstream:remotename)%00%(upstream:remoteref) refs/heads/main refs/remotes/main [4ms]
2025-11-24 22:14:23.629 [info] > git status -z -uall [35ms]
2025-11-24 22:14:23.629 [info] > git for-each-ref --sort -committerdate --format %(refname)%00%(objectname)%00%(*objectname) [31ms]
2025-11-24 22:14:23.635 [info] > git status -z -uall [3ms]
2025-11-24 22:14:23.635 [info] > git for-each-ref --sort -committerdate --format %(refname)%00%(objectname)%00%(*objectname) [2ms]
2025-11-24 22:14:32.689 [info] > git config --get commit.template [6ms]
2025-11-24 22:14:32.697 [info] > git config --get commit.template [10ms]
2025-11-24 22:14:32.697 [info] > git for-each-ref --format=%(refname)%00%(upstream:short)%00%(objectname)%00%(upstream:track)%00%(upstream:remotename)%00%(upstream:remoteref) refs/heads/main refs/remotes/main [5ms]
2025-11-24 22:14:32.706 [info] > git for-each-ref --format=%(refname)%00%(upstream:short)%00%(objectname)%00%(upstream:track)%00%(upstream:remotename)%00%(upstream:remoteref) refs/heads/main refs/remotes/main [10ms]
2025-11-24 22:14:32.714 [info] > git status -z -uall [12ms]
2025-11-24 22:14:32.715 [info] > git for-each-ref --sort -committerdate --format %(refname)%00%(objectname)%00%(*objectname) [10ms]
2025-11-24 22:14:32.718 [info] > git status -z -uall [8ms]
2025-11-24 22:14:32.718 [info] > git for-each-ref --sort -committerdate --format %(refname)%00%(objectname)%00%(*objectname) [5ms]
2025-11-24 22:14:53.583 [info] > git config --get commit.template [6ms]
2025-11-24 22:14:53.592 [info] > git config --get commit.template [10ms]
2025-11-24 22:14:53.592 [info] > git for-each-ref --format=%(refname)%00%(upstream:short)%00%(objectname)%00%(upstream:track)%00%(upstream:remotename)%00%(upstream:remoteref) refs/heads/main refs/remotes/main [5ms]
2025-11-24 22:14:53.600 [info] > git for-each-ref --format=%(refname)%00%(upstream:short)%00%(objectname)%00%(upstream:track)%00%(upstream:remotename)%00%(upstream:remoteref) refs/heads/main refs/remotes/main [10ms]
2025-11-24 22:14:53.604 [info] > git status -z -uall [8ms]
2025-11-24 22:14:53.604 [info] > git for-each-ref --sort -committerdate --format %(refname)%00%(objectname)%00%(*objectname) [4ms]
2025-11-24 22:14:53.605 [info] > git status -z -uall [3ms]
2025-11-24 22:14:53.605 [info] > git for-each-ref --sort -committerdate --format %(refname)%00%(objectname)%00%(*objectname) [2ms]
2025-11-24 22:15:02.692 [info] > git config --get commit.template [6ms]
2025-11-24 22:15:02.700 [info] > git config --get commit.template [9ms]
2025-11-24 22:15:02.701 [info] > git for-each-ref --format=%(refname)%00%(upstream:short)%00%(objectname)%00%(upstream:track)%00%(upstream:remotename)%00%(upstream:remoteref) refs/heads/main refs/remotes/main [5ms]
2025-11-24 22:15:02.709 [info] > git status -z -uall [4ms]
2025-11-24 22:15:02.709 [info] > git for-each-ref --format=%(refname)%00%(upstream:short)%00%(objectname)%00%(upstream:track)%00%(upstream:remotename)%00%(upstream:remoteref) refs/heads/main refs/remotes/main [10ms]
2025-11-24 22:15:02.709 [info] > git for-each-ref --sort -committerdate --format %(refname)%00%(objectname)%00%(*objectname) [1ms]
2025-11-24 22:15:02.714 [info] > git status -z -uall [3ms]
2025-11-24 22:15:02.714 [info] > git for-each-ref --sort -committerdate --format %(refname)%00%(objectname)%00%(*objectname) [1ms]
2025-11-24 22:15:06.190 [info] > git show --textconv :start.sh [6ms]
2025-11-24 22:15:06.193 [info] > git ls-files --stage -- start.sh [6ms]
2025-11-24 22:15:06.195 [info] > git cat-file -s 5069db18ffeefe042d3209f102d60e8a792129f2 [1ms]
2025-11-24 22:15:21.128 [info] > git show --textconv :README.md [7ms]
2025-11-24 22:15:21.131 [info] > git ls-files --stage -- README.md [6ms]
2025-11-24 22:15:21.133 [info] > git cat-file -s bb4686f13be1d5fd886221e0ebd6527cf5d5bc6e [1ms]
2025-11-24 22:15:23.579 [info] > git config --get commit.template [5ms]
2025-11-24 22:15:23.580 [info] > git config --get commit.template [2ms]
2025-11-24 22:15:23.582 [info] > git for-each-ref --format=%(refname)%00%(upstream:short)%00%(objectname)%00%(upstream:track)%00%(upstream:remotename)%00%(upstream:remoteref) refs/heads/main refs/remotes/main [1ms]
2025-11-24 22:15:23.585 [info] > git for-each-ref --format=%(refname)%00%(upstream:short)%00%(objectname)%00%(upstream:track)%00%(upstream:remotename)%00%(upstream:remoteref) refs/heads/main refs/remotes/main [3ms]
2025-11-24 22:15:23.586 [info] > git status -z -uall [2ms]
2025-11-24 22:15:23.586 [info] > git for-each-ref --sort -committerdate --format %(refname)%00%(objectname)%00%(*objectname) [1ms]
2025-11-24 22:15:23.605 [info] > git status -z -uall [2ms]
2025-11-24 22:15:23.605 [info] > git for-each-ref --sort -committerdate --format %(refname)%00%(objectname)%00%(*objectname) [1ms]
2025-11-24 22:15:27.456 [info] > git show --textconv :Dockerfile-back [6ms]
2025-11-24 22:15:27.456 [warning] [GitFileSystemProvider][readFile] File not found - git:/workspaces/docker/code-server/Dockerfile-back.git?%7B%22path%22%3A%22%2Fworkspaces%2Fdocker%2Fcode-server%2FDockerfile-back%22%2C%22ref%22%3A%22%22%7D
2025-11-24 22:15:27.458 [info] > git ls-files --stage -- Dockerfile-back [5ms]
2025-11-24 22:15:27.458 [warning] [GitFileSystemProvider][stat] File not found - git:/workspaces/docker/code-server/Dockerfile-back.git?%7B%22path%22%3A%22%2Fworkspaces%2Fdocker%2Fcode-server%2FDockerfile-back%22%2C%22ref%22%3A%22%22%7D
2025-11-24 22:15:28.612 [info] > git config --get commit.template [4ms]
2025-11-24 22:15:28.614 [info] > git for-each-ref --format=%(refname)%00%(upstream:short)%00%(objectname)%00%(upstream:track)%00%(upstream:remotename)%00%(upstream:remoteref) refs/heads/main refs/remotes/main [4ms]
2025-11-24 22:15:28.624 [info] > git status -z -uall [6ms]
2025-11-24 22:15:28.624 [info] > git config --get commit.template [1ms]
2025-11-24 22:15:28.624 [info] > git for-each-ref --sort -committerdate --format %(refname)%00%(objectname)%00%(*objectname) [3ms]
2025-11-24 22:15:28.640 [info] > git for-each-ref --format=%(refname)%00%(upstream:short)%00%(objectname)%00%(upstream:track)%00%(upstream:remotename)%00%(upstream:remoteref) refs/heads/main refs/remotes/main [1ms]
2025-11-24 22:15:28.644 [info] > git status -z -uall [2ms]
2025-11-24 22:15:28.644 [info] > git for-each-ref --sort -committerdate --format %(refname)%00%(objectname)%00%(*objectname) [1ms]
2025-11-24 22:15:31.684 [info] > git show --textconv :Dockerfile [7ms]
2025-11-24 22:15:31.687 [info] > git ls-files --stage -- Dockerfile [5ms]
2025-11-24 22:15:31.689 [info] > git cat-file -s 5630c8a503eb884769464999f8a8558f0036c41c [1ms]
2025-11-24 22:15:33.650 [info] > git config --get commit.template [5ms]
2025-11-24 22:15:33.652 [info] > git for-each-ref --format=%(refname)%00%(upstream:short)%00%(objectname)%00%(upstream:track)%00%(upstream:remotename)%00%(upstream:remoteref) refs/heads/main refs/remotes/main [4ms]
2025-11-24 22:15:33.662 [info] > git status -z -uall [5ms]
2025-11-24 22:15:33.663 [info] > git for-each-ref --sort -committerdate --format %(refname)%00%(objectname)%00%(*objectname) [3ms]
2025-11-24 22:15:33.664 [info] > git config --get commit.template [1ms]
2025-11-24 22:15:33.666 [info] > git for-each-ref --format=%(refname)%00%(upstream:short)%00%(objectname)%00%(upstream:track)%00%(upstream:remotename)%00%(upstream:remoteref) refs/heads/main refs/remotes/main [1ms]
2025-11-24 22:15:33.670 [info] > git status -z -uall [2ms]
2025-11-24 22:15:33.670 [info] > git for-each-ref --sort -committerdate --format %(refname)%00%(objectname)%00%(*objectname) [1ms]
2025-11-24 22:15:35.439 [info] > git show --textconv :docker-compose.yml [7ms]
2025-11-24 22:15:35.441 [info] > git ls-files --stage -- docker-compose.yml [5ms]
2025-11-24 22:15:35.443 [info] > git cat-file -s be8a1234a00bad41ab656d23aa14522727e3ddfc [0ms]
2025-11-24 22:15:36.993 [info] > git show --textconv :Dockerfile [7ms]
2025-11-24 22:15:36.995 [info] > git ls-files --stage -- Dockerfile [5ms]
2025-11-24 22:15:36.997 [info] > git cat-file -s 5630c8a503eb884769464999f8a8558f0036c41c [0ms]
2025-11-24 22:15:40.511 [info] > git show --textconv :docker-compose.yml [7ms]
2025-11-24 22:15:40.513 [info] > git ls-files --stage -- docker-compose.yml [5ms]
2025-11-24 22:15:40.516 [info] > git cat-file -s be8a1234a00bad41ab656d23aa14522727e3ddfc [1ms]
2025-11-24 22:15:43.070 [info] > git config --get commit.template [2ms]
2025-11-24 22:15:43.072 [info] > git config --get commit.template [3ms]
2025-11-24 22:15:43.073 [info] > git for-each-ref --format=%(refname)%00%(upstream:short)%00%(objectname)%00%(upstream:track)%00%(upstream:remotename)%00%(upstream:remoteref) refs/heads/main refs/remotes/main [2ms]
2025-11-24 22:15:43.077 [info] > git status -z -uall [2ms]
2025-11-24 22:15:43.077 [info] > git for-each-ref --format=%(refname)%00%(upstream:short)%00%(objectname)%00%(upstream:track)%00%(upstream:remotename)%00%(upstream:remoteref) refs/heads/main refs/remotes/main [4ms]
2025-11-24 22:15:43.078 [info] > git for-each-ref --sort -committerdate --format %(refname)%00%(objectname)%00%(*objectname) [2ms]
2025-11-24 22:15:43.083 [info] > git status -z -uall [2ms]
2025-11-24 22:15:43.083 [info] > git for-each-ref --sort -committerdate --format %(refname)%00%(objectname)%00%(*objectname) [2ms]
2025-11-24 22:15:44.873 [info] > git show --textconv :Dockerfile [7ms]
2025-11-24 22:15:44.877 [info] > git ls-files --stage -- Dockerfile [7ms]
2025-11-24 22:15:44.880 [info] > git cat-file -s 5630c8a503eb884769464999f8a8558f0036c41c [1ms]
