2025-11-24 13:06:05.069 [info] [main] Log level: Info
2025-11-24 13:06:05.069 [info] [main] Validating found git in: "git"
2025-11-24 13:06:05.069 [info] [main] Using git "2.45.4" from "git"
2025-11-24 13:06:05.069 [info] [Model][doInitialScan] Initial repository scan started
2025-11-24 13:06:05.069 [info] > git rev-parse --show-toplevel [1ms]
2025-11-24 13:06:05.069 [info] fatal: not a git repository (or any of the parent directories): .git
2025-11-24 13:06:05.069 [info] > git rev-parse --show-toplevel [1ms]
2025-11-24 13:06:05.069 [info] fatal: not a git repository (or any parent up to mount point /workspaces)
Stopping at filesystem boundary (GIT_DISCOVERY_ACROSS_FILESYSTEM not set).
2025-11-24 13:06:05.069 [info] > git rev-parse --show-toplevel [1ms]
2025-11-24 13:06:05.069 [info] fatal: not a git repository (or any parent up to mount point /workspaces)
Stopping at filesystem boundary (GIT_DISCOVERY_ACROSS_FILESYSTEM not set).
2025-11-24 13:06:05.069 [info] > git rev-parse --show-toplevel [1ms]
2025-11-24 13:06:05.069 [info] > git rev-parse --git-dir --git-common-dir --show-superproject-working-tree [10ms]
2025-11-24 13:06:05.069 [info] [Model][openRepository] Opened repository (path): /workspaces/lb
2025-11-24 13:06:05.069 [info] [Model][openRepository] Opened repository (real path): /workspaces/lb
2025-11-24 13:06:05.069 [info] [Model][openRepository] Opened repository (kind): repository
2025-11-24 13:06:05.069 [info] [Model][doInitialScan] Initial repository scan completed - repositories (1), closed repositories (0), parent repositories (0), unsafe repositories (0)
2025-11-24 13:06:05.069 [info] > git config --get commit.template [1ms]
2025-11-24 13:06:05.072 [info] > git for-each-ref --format=%(refname)%00%(upstream:short)%00%(objectname)%00%(upstream:track)%00%(upstream:remotename)%00%(upstream:remoteref) refs/heads/main refs/remotes/main [1ms]
2025-11-24 13:06:05.077 [info] > git status -z -uall [3ms]
2025-11-24 13:06:05.078 [info] > git for-each-ref --sort -committerdate --format %(refname)%00%(objectname)%00%(*objectname) [2ms]
2025-11-24 13:06:05.098 [info] > git for-each-ref --format=%(refname)%00%(upstream:short)%00%(objectname)%00%(upstream:track)%00%(upstream:remotename)%00%(upstream:remoteref) refs/heads/main refs/remotes/main [5ms]
2025-11-24 13:06:05.100 [info] > git config --get commit.template [3ms]
2025-11-24 13:06:05.101 [info] > git config --get --local branch.main.vscode-merge-base [2ms]
2025-11-24 13:06:05.104 [info] > git for-each-ref --format=%(refname)%00%(upstream:short)%00%(objectname)%00%(upstream:track)%00%(upstream:remotename)%00%(upstream:remoteref) refs/heads/origin/main refs/remotes/origin/main [2ms]
2025-11-24 13:06:05.106 [info] > git for-each-ref --format=%(refname)%00%(upstream:short)%00%(objectname)%00%(upstream:track)%00%(upstream:remotename)%00%(upstream:remoteref) refs/heads/main refs/remotes/main [3ms]
2025-11-24 13:06:05.108 [info] > git merge-base refs/heads/main refs/remotes/origin/main [2ms]
2025-11-24 13:06:05.113 [info] > git status -z -uall [2ms]
2025-11-24 13:06:05.114 [info] > git diff --name-status -z --diff-filter=ADMR --find-renames=50% 08b8b9cfb43aa404988442a5e2cf7cc32133fbb6...refs/remotes/origin/main -- [4ms]
2025-11-24 13:06:05.115 [info] > git for-each-ref --sort -committerdate --format %(refname)%00%(objectname)%00%(*objectname) [3ms]
2025-11-24 13:06:05.812 [info] > git check-ignore -v -z --stdin [1ms]
2025-11-24 13:06:05.825 [info] > git rev-parse --show-toplevel [1ms]
2025-11-24 13:06:05.825 [info] fatal: not a git repository (or any of the parent directories): .git
2025-11-24 13:06:47.403 [info] > git rev-parse --show-toplevel [0ms]
2025-11-24 13:06:47.403 [info] fatal: not a git repository (or any of the parent directories): .git
2025-11-24 13:06:47.411 [info] > git log --format=%H%n%aN%n%aE%n%at%n%ct%n%P%n%D%n%B -z --shortstat --diff-merges=first-parent -n50 --skip=0 --topo-order --decorate=full --stdin [24ms]
2025-11-24 13:06:47.908 [info] > git check-ignore -v -z --stdin [1ms]
2025-11-24 13:06:47.989 [info] > git merge-base main origin/main [3ms]
2025-11-24 13:09:13.884 [info] > git rev-parse --show-toplevel [1ms]
2025-11-24 13:09:13.884 [info] fatal: not a git repository (or any parent up to mount point /workspaces)
Stopping at filesystem boundary (GIT_DISCOVERY_ACROSS_FILESYSTEM not set).
2025-11-24 13:09:15.891 [info] > git rev-parse --show-toplevel [1ms]
2025-11-24 13:09:15.891 [info] fatal: not a git repository (or any parent up to mount point /workspaces)
Stopping at filesystem boundary (GIT_DISCOVERY_ACROSS_FILESYSTEM not set).
2025-11-24 13:09:16.873 [info] > git rev-parse --show-toplevel [1ms]
2025-11-24 13:09:16.873 [info] fatal: not a git repository (or any parent up to mount point /workspaces)
Stopping at filesystem boundary (GIT_DISCOVERY_ACROSS_FILESYSTEM not set).
2025-11-24 13:09:22.505 [info] > git rev-parse --show-toplevel [2ms]
2025-11-24 13:09:22.505 [info] fatal: not a git repository (or any parent up to mount point /workspaces)
Stopping at filesystem boundary (GIT_DISCOVERY_ACROSS_FILESYSTEM not set).
2025-11-24 13:09:23.675 [info] > git rev-parse --show-toplevel [2ms]
2025-11-24 13:09:23.675 [info] fatal: not a git repository (or any parent up to mount point /workspaces)
Stopping at filesystem boundary (GIT_DISCOVERY_ACROSS_FILESYSTEM not set).
2025-11-24 13:09:26.677 [info] > git rev-parse --show-toplevel [2ms]
2025-11-24 13:09:26.677 [info] fatal: not a git repository (or any parent up to mount point /workspaces)
Stopping at filesystem boundary (GIT_DISCOVERY_ACROSS_FILESYSTEM not set).
2025-11-24 13:09:45.436 [info] > git rev-parse --show-toplevel [1ms]
2025-11-24 13:09:45.436 [info] fatal: not a git repository (or any parent up to mount point /workspaces)
Stopping at filesystem boundary (GIT_DISCOVERY_ACROSS_FILESYSTEM not set).
2025-11-24 13:09:48.164 [info] > git rev-parse --show-toplevel [1ms]
2025-11-24 13:09:48.164 [info] fatal: not a git repository (or any parent up to mount point /workspaces)
Stopping at filesystem boundary (GIT_DISCOVERY_ACROSS_FILESYSTEM not set).
2025-11-24 13:09:49.744 [info] > git rev-parse --show-toplevel [6ms]
2025-11-24 13:09:49.744 [info] fatal: not a git repository (or any parent up to mount point /workspaces)
Stopping at filesystem boundary (GIT_DISCOVERY_ACROSS_FILESYSTEM not set).
2025-11-24 13:13:07.639 [info] > git rev-parse --show-toplevel [1ms]
2025-11-24 13:13:07.639 [info] fatal: not a git repository (or any parent up to mount point /workspaces)
Stopping at filesystem boundary (GIT_DISCOVERY_ACROSS_FILESYSTEM not set).
2025-11-24 13:13:38.671 [info] > git rev-parse --show-toplevel [40ms]
2025-11-24 13:13:38.680 [info] > git rev-parse --git-dir --git-common-dir --show-superproject-working-tree [4ms]
2025-11-24 13:13:38.689 [info] [Model][openRepository] Opened repository (path): /workspaces/docker/code-server
2025-11-24 13:13:38.689 [info] [Model][openRepository] Opened repository (real path): /workspaces/docker/code-server
2025-11-24 13:13:38.689 [info] [Model][openRepository] Opened repository (kind): repository
2025-11-24 13:13:38.697 [info] > git config --get commit.template [3ms]
2025-11-24 13:13:38.744 [info] > git for-each-ref --format=%(refname)%00%(upstream:short)%00%(objectname)%00%(upstream:track)%00%(upstream:remotename)%00%(upstream:remoteref) refs/heads/main refs/remotes/main [42ms]
2025-11-24 13:13:38.748 [warning] [Git][revParse] Unable to read file: ENOENT: no such file or directory, open '/workspaces/docker/code-server/.git/refs/remotes/origin/main'
2025-11-24 13:13:38.750 [info] > git rev-parse refs/remotes/origin/main [2ms]
2025-11-24 13:13:38.760 [info] > git for-each-ref --sort -committerdate --format %(refname)%00%(objectname)%00%(*objectname) [1ms]
2025-11-24 13:13:38.991 [info] > git status -z -uall [236ms] (cancelled)
2025-11-24 13:13:38.994 [info] > git for-each-ref --format=%(refname)%00%(upstream:short)%00%(objectname)%00%(upstream:track)%00%(upstream:remotename)%00%(upstream:remoteref) refs/heads/main refs/remotes/main [4ms]
2025-11-24 13:13:38.997 [info] > git config --get commit.template [4ms]
2025-11-24 13:13:38.998 [info] > git config --get --local branch.main.vscode-merge-base [2ms]
2025-11-24 13:13:40.036 [info] > git for-each-ref --format=%(refname)%00%(upstream:short)%00%(objectname)%00%(upstream:track)%00%(upstream:remotename)%00%(upstream:remoteref) refs/heads/origin/main refs/remotes/origin/main [1036ms]
2025-11-24 13:13:40.081 [info] > git check-ignore -v -z --stdin [38ms]
2025-11-24 13:13:40.086 [info] > git check-ignore -v -z --stdin [6ms]
2025-11-24 13:13:40.086 [info] > git merge-base refs/heads/main refs/remotes/origin/main [47ms]
2025-11-24 13:13:40.089 [info] > git for-each-ref --format=%(refname)%00%(upstream:short)%00%(objectname)%00%(upstream:track)%00%(upstream:remotename)%00%(upstream:remoteref) refs/heads/main refs/remotes/main [56ms]
2025-11-24 13:13:40.091 [warning] [Git][revParse] Unable to read file: ENOENT: no such file or directory, open '/workspaces/docker/code-server/.git/refs/remotes/origin/main'
2025-11-24 13:13:40.092 [info] > git diff --name-status -z --diff-filter=ADMR --find-renames=50% fbbc49f34908d736ed1849039c3a5d9f4bd799f3...refs/remotes/origin/main -- [3ms]
2025-11-24 13:13:40.093 [info] > git rev-parse refs/remotes/origin/main [2ms]
2025-11-24 13:13:40.099 [info] > git for-each-ref --sort -committerdate --format %(refname)%00%(objectname)%00%(*objectname) [1ms]
2025-11-24 13:13:40.200 [info] > git status -z -uall [104ms] (cancelled)
2025-11-24 13:13:41.631 [info] > git show --textconv :docker-compose.yml [4ms]
2025-11-24 13:13:41.631 [info] > git ls-files --stage -- docker-compose.yml [1ms]
2025-11-24 13:13:41.634 [info] > git cat-file -s 2d1acd277d73454b4d735c1a5f1268157a4ae8d1 [1ms]
2025-11-24 13:14:06.987 [info] > git rev-parse --show-toplevel [1ms]
2025-11-24 13:14:06.987 [info] fatal: not a git repository (or any parent up to mount point /workspaces)
Stopping at filesystem boundary (GIT_DISCOVERY_ACROSS_FILESYSTEM not set).
2025-11-24 13:14:11.621 [info] > git show --textconv :docker-compose.yml [7ms]
2025-11-24 13:14:11.622 [info] > git ls-files --stage -- docker-compose.yml [3ms]
2025-11-24 13:14:11.629 [info] > git cat-file -s 2d1acd277d73454b4d735c1a5f1268157a4ae8d1 [3ms]
2025-11-24 13:14:12.650 [info] > git blame --root --incremental fbbc49f34908d736ed1849039c3a5d9f4bd799f3 -- docker-compose.yml [2ms]
2025-11-24 13:14:17.327 [info] > git rev-parse --show-toplevel [2ms]
2025-11-24 13:14:17.327 [info] fatal: not a git repository (or any parent up to mount point /workspaces)
Stopping at filesystem boundary (GIT_DISCOVERY_ACROSS_FILESYSTEM not set).
