2025-11-24 13:15:46.739 [info] [main] Log level: Info
2025-11-24 13:15:46.739 [info] [main] Validating found git in: "git"
2025-11-24 13:15:46.739 [info] [main] Using git "2.45.4" from "git"
2025-11-24 13:15:46.739 [info] [Model][doInitialScan] Initial repository scan started
2025-11-24 13:15:46.739 [info] > git rev-parse --show-toplevel [1ms]
2025-11-24 13:15:46.739 [info] fatal: not a git repository (or any of the parent directories): .git
2025-11-24 13:15:46.739 [info] > git rev-parse --show-toplevel [88ms]
2025-11-24 13:15:46.739 [info] fatal: not a git repository (or any parent up to mount point /workspaces)
Stopping at filesystem boundary (GIT_DISCOVERY_ACROSS_FILESYSTEM not set).
2025-11-24 13:15:46.739 [info] > git rev-parse --show-toplevel [1ms]
2025-11-24 13:15:46.739 [info] fatal: not a git repository (or any parent up to mount point /workspaces)
Stopping at filesystem boundary (GIT_DISCOVERY_ACROSS_FILESYSTEM not set).
2025-11-24 13:15:46.739 [info] > git rev-parse --show-toplevel [1ms]
2025-11-24 13:15:46.739 [info] fatal: not a git repository (or any parent up to mount point /workspaces)
Stopping at filesystem boundary (GIT_DISCOVERY_ACROSS_FILESYSTEM not set).
2025-11-24 13:15:46.739 [info] > git rev-parse --show-toplevel [1ms]
2025-11-24 13:15:46.739 [info] > git rev-parse --git-dir --git-common-dir --show-superproject-working-tree [2ms]
2025-11-24 13:15:46.739 [info] [Model][openRepository] Opened repository (path): /workspaces/lb
2025-11-24 13:15:46.739 [info] [Model][openRepository] Opened repository (real path): /workspaces/lb
2025-11-24 13:15:46.739 [info] [Model][openRepository] Opened repository (kind): repository
2025-11-24 13:15:46.739 [info] [Model][doInitialScan] Initial repository scan completed - repositories (1), closed repositories (0), parent repositories (0), unsafe repositories (0)
2025-11-24 13:15:46.741 [info] > git config --get commit.template [3ms]
2025-11-24 13:15:46.742 [info] > git for-each-ref --format=%(refname)%00%(upstream:short)%00%(objectname)%00%(upstream:track)%00%(upstream:remotename)%00%(upstream:remoteref) refs/heads/main refs/remotes/main [2ms]
2025-11-24 13:15:46.747 [info] > git status -z -uall [2ms]
2025-11-24 13:15:46.748 [info] > git for-each-ref --sort -committerdate --format %(refname)%00%(objectname)%00%(*objectname) [2ms]
2025-11-24 13:15:46.767 [info] > git for-each-ref --format=%(refname)%00%(upstream:short)%00%(objectname)%00%(upstream:track)%00%(upstream:remotename)%00%(upstream:remoteref) refs/heads/main refs/remotes/main [3ms]
2025-11-24 13:15:46.769 [info] > git config --get commit.template [2ms]
2025-11-24 13:15:46.769 [info] > git config --get --local branch.main.vscode-merge-base [1ms]
2025-11-24 13:15:46.772 [info] > git for-each-ref --format=%(refname)%00%(upstream:short)%00%(objectname)%00%(upstream:track)%00%(upstream:remotename)%00%(upstream:remoteref) refs/heads/origin/main refs/remotes/origin/main [1ms]
2025-11-24 13:15:46.775 [info] > git for-each-ref --format=%(refname)%00%(upstream:short)%00%(objectname)%00%(upstream:track)%00%(upstream:remotename)%00%(upstream:remoteref) refs/heads/main refs/remotes/main [3ms]
2025-11-24 13:15:46.775 [info] > git merge-base refs/heads/main refs/remotes/origin/main [1ms]
2025-11-24 13:15:46.780 [info] > git status -z -uall [2ms]
2025-11-24 13:15:46.780 [info] > git diff --name-status -z --diff-filter=ADMR --find-renames=50% 08b8b9cfb43aa404988442a5e2cf7cc32133fbb6...refs/remotes/origin/main -- [3ms]
2025-11-24 13:15:46.781 [info] > git for-each-ref --sort -committerdate --format %(refname)%00%(objectname)%00%(*objectname) [1ms]
2025-11-24 13:15:48.213 [info] > git rev-parse --show-toplevel [1ms]
2025-11-24 13:15:48.213 [info] fatal: not a git repository (or any of the parent directories): .git
2025-11-24 13:15:57.872 [info] > git log --format=%H%n%aN%n%aE%n%at%n%ct%n%P%n%D%n%B -z --shortstat --diff-merges=first-parent -n50 --skip=0 --topo-order --decorate=full --stdin [20ms]
2025-11-24 13:15:57.881 [info] > git rev-parse --show-toplevel [1ms]
2025-11-24 13:15:57.881 [info] fatal: not a git repository (or any of the parent directories): .git
2025-11-24 13:15:58.245 [info] > git merge-base main origin/main [2ms]
2025-11-24 13:15:58.389 [info] > git check-ignore -v -z --stdin [2ms]
2025-11-24 13:16:11.507 [info] > git check-ignore -v -z --stdin [2ms]
2025-11-24 13:16:15.485 [info] > git check-ignore -v -z --stdin [3ms]
2025-11-24 13:16:18.726 [info] > git check-ignore -v -z --stdin [3ms]
2025-11-24 13:16:19.980 [info] > git check-ignore -v -z --stdin [4ms]
