2025-11-24 08:06:41.746 [info] [main] Log level: Info
2025-11-24 08:06:41.746 [info] [main] Validating found git in: "git"
2025-11-24 08:06:41.746 [info] [main] Using git "2.45.4" from "git"
2025-11-24 08:06:41.746 [info] [Model][doInitialScan] Initial repository scan started
2025-11-24 08:06:41.746 [info] > git rev-parse --show-toplevel [4ms]
2025-11-24 08:06:41.746 [info] fatal: not a git repository (or any of the parent directories): .git
2025-11-24 08:06:41.746 [info] > git rev-parse --show-toplevel [85ms]
2025-11-24 08:06:41.746 [info] fatal: not a git repository (or any parent up to mount point /workspaces)
Stopping at filesystem boundary (GIT_DISCOVERY_ACROSS_FILESYSTEM not set).
2025-11-24 08:06:41.746 [info] > git rev-parse --show-toplevel [0ms]
2025-11-24 08:06:41.746 [info] fatal: not a git repository (or any parent up to mount point /workspaces)
Stopping at filesystem boundary (GIT_DISCOVERY_ACROSS_FILESYSTEM not set).
2025-11-24 08:06:41.746 [info] > git rev-parse --show-toplevel [1ms]
2025-11-24 08:06:41.746 [info] > git rev-parse --git-dir --git-common-dir --show-superproject-working-tree [4ms]
2025-11-24 08:06:41.746 [info] [Model][openRepository] Opened repository (path): /workspaces/lb
2025-11-24 08:06:41.746 [info] [Model][openRepository] Opened repository (real path): /workspaces/lb
2025-11-24 08:06:41.746 [info] [Model][openRepository] Opened repository (kind): repository
2025-11-24 08:06:41.746 [info] [Model][doInitialScan] Initial repository scan completed - repositories (1), closed repositories (0), parent repositories (0), unsafe repositories (0)
2025-11-24 08:06:41.753 [info] > git config --get commit.template [4ms]
2025-11-24 08:06:41.756 [info] > git for-each-ref --format=%(refname)%00%(upstream:short)%00%(objectname)%00%(upstream:track)%00%(upstream:remotename)%00%(upstream:remoteref) refs/heads/main refs/remotes/main [2ms]
2025-11-24 08:06:41.761 [info] > git status -z -uall [2ms]
2025-11-24 08:06:41.762 [info] > git for-each-ref --sort -committerdate --format %(refname)%00%(objectname)%00%(*objectname) [2ms]
2025-11-24 08:06:41.782 [info] > git for-each-ref --format=%(refname)%00%(upstream:short)%00%(objectname)%00%(upstream:track)%00%(upstream:remotename)%00%(upstream:remoteref) refs/heads/main refs/remotes/main [4ms]
2025-11-24 08:06:41.784 [info] > git config --get commit.template [3ms]
2025-11-24 08:06:41.786 [info] > git config --get --local branch.main.vscode-merge-base [3ms]
2025-11-24 08:06:41.789 [info] > git for-each-ref --format=%(refname)%00%(upstream:short)%00%(objectname)%00%(upstream:track)%00%(upstream:remotename)%00%(upstream:remoteref) refs/heads/origin/main refs/remotes/origin/main [2ms]
2025-11-24 08:06:41.792 [info] > git for-each-ref --format=%(refname)%00%(upstream:short)%00%(objectname)%00%(upstream:track)%00%(upstream:remotename)%00%(upstream:remoteref) refs/heads/main refs/remotes/main [4ms]
2025-11-24 08:06:41.793 [info] > git merge-base refs/heads/main refs/remotes/origin/main [2ms]
2025-11-24 08:06:41.799 [info] > git diff --name-status -z --diff-filter=ADMR --find-renames=50% 08b8b9cfb43aa404988442a5e2cf7cc32133fbb6...refs/remotes/origin/main -- [4ms]
2025-11-24 08:06:41.800 [info] > git status -z -uall [3ms]
2025-11-24 08:06:41.800 [info] > git for-each-ref --sort -committerdate --format %(refname)%00%(objectname)%00%(*objectname) [2ms]
2025-11-24 08:06:42.272 [info] > git check-ignore -v -z --stdin [1ms]
2025-11-24 08:06:42.868 [info] > git rev-parse --show-toplevel [1ms]
2025-11-24 08:06:42.868 [info] fatal: not a git repository (or any of the parent directories): .git
